#
# A fatal error has been detected by the Java Runtime Environment:
#
#  Internal Error (./open/src/hotspot/share/interpreter/oopMapCache.cpp:111), pid=6340, tid=13332
#  Error: ShouldNotReachHere()
#
# JRE version: Java(TM) SE Runtime Environment (14.0.2+12) (build 14.0.2+12-46)
# Java VM: Java HotSpot(TM) 64-Bit Server VM (14.0.2+12-46, mixed mode, sharing, tiered, compressed oops, g1 gc, windows-amd64)
# No core dump will be written. Minidumps are not enabled by default on client versions of Windows
#
# If you would like to submit a bug report, please visit:
#   https://bugreport.java.com/bugreport/crash.jsp
#

---------------  S U M M A R Y ------------

Command Line: -XX:+ShowCodeDetailsInExceptionMessages -agentlib:jdwp=transport=dt_socket,suspend=y,address=localhost:61162 -javaagent:C:\Users\klait\eclipse\java-2020-06\eclipse\configuration\org.eclipse.osgi\547\0\.cp\lib\javaagent-shaded.jar -Dfile.encoding=Cp1252 main.Game

Host: Intel(R) Core(TM) i5-7200U CPU @ 2.50GHz, 4 cores, 7G,  Windows 10 , 64 bit Build 19041 (10.0.19041.1202)
Time: Sat Sep 25 23:39:21 2021 Hora oficial do Brasil elapsed time: 305 seconds (0d 0h 5m 5s)

---------------  T H R E A D  ---------------

Current thread (0x0000012ef83c8000):  JavaThread "JDWP Transport Listener: dt_socket" daemon [_thread_in_vm, id=13332, stack(0x000000015ca00000,0x000000015cb00000)] _threads_hazard_ptr=0x0000012efb10df00

Stack: [0x000000015ca00000,0x000000015cb00000]
Native frames: (J=compiled Java code, j=interpreted, Vv=VM code, C=native code)
V  [jvm.dll+0x5f8a9a]
V  [jvm.dll+0x74247a]
V  [jvm.dll+0x743c2f]
V  [jvm.dll+0x744227]
V  [jvm.dll+0x20d20c]
V  [jvm.dll+0x20d173]
V  [jvm.dll+0x5e7b7f]
V  [jvm.dll+0x5e78dd]
V  [jvm.dll+0x5af8e3]
V  [jvm.dll+0x739aef]
V  [jvm.dll+0x4bee61]
V  [jvm.dll+0x74908b]
V  [jvm.dll+0x4a54ee]
V  [jvm.dll+0x46ee7b]
C  [jdwp.dll+0x751f]


---------------  P R O C E S S  ---------------

Threads class SMR info:
_java_thread_list=0x0000012efb10df00, length=47, elements={
0x0000012ef786f800, 0x0000012ef7873000, 0x0000012ef788e000, 0x0000012ef7892800,
0x0000012ef7893800, 0x0000012ef7896800, 0x0000012ef78a9000, 0x0000012ef78bf000,
0x0000012ef7858000, 0x0000012ef83c8000, 0x0000012ef83cb800, 0x0000012ef83cc000,
0x0000012ef8463800, 0x0000012ef85b3000, 0x0000012ef85ae800, 0x0000012ef859d000,
0x0000012ef8ab3000, 0x0000012ef8e6a000, 0x0000012ed914c000, 0x0000012ef90d7000,
0x0000012ef90dc800, 0x0000012efa9ef000, 0x0000012efa9f1000, 0x0000012efa9ee800,
0x0000012efa9f0000, 0x0000012efb11d000, 0x0000012efb11e000, 0x0000012efb119000,
0x0000012efb11a800, 0x0000012efb11b800, 0x0000012efb11c800, 0x0000012efb118000,
0x0000012efb11e800, 0x0000012efb11f800, 0x0000012efb11a000, 0x0000012efb122000,
0x0000012efb120800, 0x0000012efb124800, 0x0000012efb125800, 0x0000012efb126000,
0x0000012efb127000, 0x0000012efb123000, 0x0000012efb123800, 0x0000012efb121000,
0x0000012efa9a7000, 0x0000012efa9a3000, 0x0000012efa9a6000
}

Java Threads: ( => current thread )
  0x0000012ef786f800 JavaThread "Reference Handler" daemon [_thread_blocked, id=4732, stack(0x000000015c100000,0x000000015c200000)]
  0x0000012ef7873000 JavaThread "Finalizer" daemon [_thread_blocked, id=9768, stack(0x000000015c200000,0x000000015c300000)]
  0x0000012ef788e000 JavaThread "Signal Dispatcher" daemon [_thread_blocked, id=4052, stack(0x000000015c300000,0x000000015c400000)]
  0x0000012ef7892800 JavaThread "Attach Listener" daemon [_thread_blocked, id=14700, stack(0x000000015c400000,0x000000015c500000)]
  0x0000012ef7893800 JavaThread "Service Thread" daemon [_thread_blocked, id=10936, stack(0x000000015c500000,0x000000015c600000)]
  0x0000012ef7896800 JavaThread "C2 CompilerThread0" daemon [_thread_blocked, id=5880, stack(0x000000015c600000,0x000000015c700000)]
  0x0000012ef78a9000 JavaThread "C1 CompilerThread0" daemon [_thread_blocked, id=15064, stack(0x000000015c700000,0x000000015c800000)]
  0x0000012ef78bf000 JavaThread "Sweeper thread" daemon [_thread_blocked, id=2016, stack(0x000000015c800000,0x000000015c900000)]
  0x0000012ef7858000 JavaThread "Common-Cleaner" daemon [_thread_blocked, id=1960, stack(0x000000015c900000,0x000000015ca00000)]
=>0x0000012ef83c8000 JavaThread "JDWP Transport Listener: dt_socket" daemon [_thread_in_vm, id=13332, stack(0x000000015ca00000,0x000000015cb00000)] _threads_hazard_ptr=0x0000012efb10df00
  0x0000012ef83cb800 JavaThread "JDWP Event Helper Thread" daemon [_thread_blocked, id=6400, stack(0x000000015cb00000,0x000000015cc00000)]
  0x0000012ef83cc000 JavaThread "JDWP Command Reader" daemon [_thread_in_native, id=14880, stack(0x000000015cc00000,0x000000015cd00000)]
  0x0000012ef8463800 JavaThread "Notification Thread" daemon [_thread_blocked, id=11404, stack(0x000000015cd00000,0x000000015ce00000)]
  0x0000012ef85b3000 JavaThread "Java2D Disposer" daemon [_thread_blocked, id=12032, stack(0x000000015cf00000,0x000000015d000000)]
  0x0000012ef85ae800 JavaThread "AWT-Shutdown" [_thread_blocked, id=13596, stack(0x000000015d000000,0x000000015d100000)]
  0x0000012ef859d000 JavaThread "AWT-Windows" daemon [_thread_in_native, id=8260, stack(0x000000015d100000,0x000000015d200000)]
  0x0000012ef8ab3000 JavaThread "AWT-EventQueue-0" [_thread_blocked, id=11708, stack(0x000000015d700000,0x000000015d800000)]
  0x0000012ef8e6a000 JavaThread "Thread-0" [_thread_blocked, id=9732, stack(0x000000015da00000,0x000000015db00000)]
  0x0000012ed914c000 JavaThread "DestroyJavaVM" [_thread_blocked, id=15076, stack(0x000000015ba00000,0x000000015bb00000)]
  0x0000012ef90d7000 JavaThread "Java Sound Event Dispatcher" daemon [_thread_blocked, id=10528, stack(0x000000015dc00000,0x000000015dd00000)]
  0x0000012ef90dc800 JavaThread "Direct Clip" daemon [_thread_blocked, id=5520, stack(0x000000015e000000,0x000000015e100000)]
  0x0000012efa9ef000 JavaThread "Direct Clip" daemon [_thread_blocked, id=13680, stack(0x000000015e100000,0x000000015e200000)]
  0x0000012efa9f1000 JavaThread "Direct Clip" daemon [_thread_blocked, id=15008, stack(0x000000015e200000,0x000000015e300000)]
  0x0000012efa9ee800 JavaThread "Direct Clip" daemon [_thread_blocked, id=4800, stack(0x000000015e300000,0x000000015e400000)]
  0x0000012efa9f0000 JavaThread "Direct Clip" daemon [_thread_blocked, id=10884, stack(0x000000015e400000,0x000000015e500000)]
  0x0000012efb11d000 JavaThread "Direct Clip" daemon [_thread_blocked, id=6844, stack(0x000000015e500000,0x000000015e600000)]
  0x0000012efb11e000 JavaThread "Direct Clip" daemon [_thread_blocked, id=10640, stack(0x000000015e600000,0x000000015e700000)]
  0x0000012efb119000 JavaThread "Direct Clip" daemon [_thread_blocked, id=2848, stack(0x000000015e700000,0x000000015e800000)]
  0x0000012efb11a800 JavaThread "Direct Clip" daemon [_thread_blocked, id=12840, stack(0x000000015e800000,0x000000015e900000)]
  0x0000012efb11b800 JavaThread "Direct Clip" daemon [_thread_blocked, id=11724, stack(0x000000015e900000,0x000000015ea00000)]
  0x0000012efb11c800 JavaThread "Direct Clip" daemon [_thread_blocked, id=14340, stack(0x000000015ea00000,0x000000015eb00000)]
  0x0000012efb118000 JavaThread "Direct Clip" daemon [_thread_blocked, id=11248, stack(0x000000015eb00000,0x000000015ec00000)]
  0x0000012efb11e800 JavaThread "Direct Clip" daemon [_thread_blocked, id=6312, stack(0x000000015ec00000,0x000000015ed00000)]
  0x0000012efb11f800 JavaThread "Direct Clip" daemon [_thread_blocked, id=8908, stack(0x000000015ed00000,0x000000015ee00000)]
  0x0000012efb11a000 JavaThread "Direct Clip" daemon [_thread_blocked, id=14572, stack(0x000000015ee00000,0x000000015ef00000)]
  0x0000012efb122000 JavaThread "Direct Clip" daemon [_thread_blocked, id=10464, stack(0x000000015ef00000,0x000000015f000000)]
  0x0000012efb120800 JavaThread "Direct Clip" daemon [_thread_blocked, id=8080, stack(0x000000015f000000,0x000000015f100000)]
  0x0000012efb124800 JavaThread "Direct Clip" daemon [_thread_blocked, id=14848, stack(0x000000015f100000,0x000000015f200000)]
  0x0000012efb125800 JavaThread "Direct Clip" daemon [_thread_blocked, id=11856, stack(0x000000015f200000,0x000000015f300000)]
  0x0000012efb126000 JavaThread "Direct Clip" daemon [_thread_blocked, id=3632, stack(0x000000015f300000,0x000000015f400000)]
  0x0000012efb127000 JavaThread "Direct Clip" daemon [_thread_blocked, id=8836, stack(0x000000015f400000,0x000000015f500000)]
  0x0000012efb123000 JavaThread "Direct Clip" daemon [_thread_blocked, id=12248, stack(0x000000015f500000,0x000000015f600000)]
  0x0000012efb123800 JavaThread "Direct Clip" daemon [_thread_blocked, id=4192, stack(0x000000015f600000,0x000000015f700000)]
  0x0000012efb121000 JavaThread "Direct Clip" daemon [_thread_blocked, id=15300, stack(0x000000015f700000,0x000000015f800000)]
  0x0000012efa9a7000 JavaThread "Direct Clip" daemon [_thread_blocked, id=14048, stack(0x000000015f800000,0x000000015f900000)]
  0x0000012efa9a3000 JavaThread "Direct Clip" daemon [_thread_blocked, id=8356, stack(0x000000015f900000,0x000000015fa00000)]
  0x0000012efa9a6000 JavaThread "Direct Clip" daemon [_thread_blocked, id=13192, stack(0x000000015fa00000,0x000000015fb00000)]

Other Threads:
  0x0000012ef786f000 VMThread "VM Thread" [stack: 0x000000015c000000,0x000000015c100000] [id=10052]
  0x0000012ef8470000 WatcherThread [stack: 0x000000015ce00000,0x000000015cf00000] [id=10780]
  0x0000012ed918f800 GCTaskThread "GC Thread#0" [stack: 0x000000015bb00000,0x000000015bc00000] [id=14584]
  0x0000012ef8b75000 GCTaskThread "GC Thread#1" [stack: 0x000000015d400000,0x000000015d500000] [id=11276]
  0x0000012ef8b98000 GCTaskThread "GC Thread#2" [stack: 0x000000015d500000,0x000000015d600000] [id=15068]
  0x0000012ef8b9a800 GCTaskThread "GC Thread#3" [stack: 0x000000015d600000,0x000000015d700000] [id=8588]
  0x0000012ed91a1000 ConcurrentGCThread "G1 Main Marker" [stack: 0x000000015bc00000,0x000000015bd00000] [id=14248]
  0x0000012ed91a2800 ConcurrentGCThread "G1 Conc#0" [stack: 0x000000015bd00000,0x000000015be00000] [id=11200]
  0x0000012ed9222800 ConcurrentGCThread "G1 Refine#0" [stack: 0x000000015be00000,0x000000015bf00000] [id=13468]
  0x0000012ef8d4f800 ConcurrentGCThread "G1 Refine#1" [stack: 0x000000015d800000,0x000000015d900000] [id=8308]
  0x0000012ef8cc4000 ConcurrentGCThread "G1 Refine#2" [stack: 0x000000015d900000,0x000000015da00000] [id=5212]
  0x0000012ef76f0800 ConcurrentGCThread "G1 Young RemSet Sampling" [stack: 0x000000015bf00000,0x000000015c000000] [id=14636]

Threads with active compile tasks:

VM state:not at safepoint (normal execution)

VM Mutex/Monitor currently owned by a thread: None

Heap address: 0x0000000082400000, size: 2012 MB, Compressed Oops mode: 32-bit
Narrow klass base: 0x0000000800000000, Narrow klass shift: 3
Compressed class space size: 1073741824 Address: 0x0000000800b30000

Heap:
 garbage-first heap   total 306176K, used 199101K [0x0000000082400000, 0x0000000100000000)
  region size 1024K, 68 young (69632K), 1 survivors (1024K)
 Metaspace       used 12634K, capacity 12940K, committed 13184K, reserved 1060864K
  class space    used 1243K, capacity 1399K, committed 1408K, reserved 1048576K
Heap Regions: E=young(eden), S=young(survivor), O=old, HS=humongous(starts), HC=humongous(continues), CS=collection set, F=free, OA=open archive, CA=closed archive, TAMS=top-at-mark-start (previous, next)
|   0|0x0000000082400000, 0x0000000082500000, 0x0000000082500000|100%| O|  |TAMS 0x0000000082500000, 0x0000000082400000| Untracked 
|   1|0x0000000082500000, 0x0000000082600000, 0x0000000082600000|100%| O|  |TAMS 0x0000000082600000, 0x0000000082500000| Untracked 
|   2|0x0000000082600000, 0x0000000082700000, 0x0000000082700000|100%| O|  |TAMS 0x0000000082700000, 0x0000000082600000| Untracked 
|   3|0x0000000082700000, 0x0000000082800000, 0x0000000082800000|100%| O|  |TAMS 0x0000000082800000, 0x0000000082700000| Untracked 
|   4|0x0000000082800000, 0x0000000082900000, 0x0000000082900000|100%| O|  |TAMS 0x0000000082900000, 0x0000000082800000| Untracked 
|   5|0x0000000082900000, 0x0000000082a00000, 0x0000000082a00000|100%| O|  |TAMS 0x0000000082a00000, 0x0000000082900000| Untracked 
|   6|0x0000000082a00000, 0x0000000082b00000, 0x0000000082b00000|100%| O|  |TAMS 0x0000000082b00000, 0x0000000082a00000| Untracked 
|   7|0x0000000082b00000, 0x0000000082c00000, 0x0000000082c00000|100%| O|  |TAMS 0x0000000082c00000, 0x0000000082b00000| Untracked 
|   8|0x0000000082c00000, 0x0000000082d00000, 0x0000000082d00000|100%| O|  |TAMS 0x0000000082d00000, 0x0000000082c00000| Untracked 
|   9|0x0000000082d00000, 0x0000000082e00000, 0x0000000082e00000|100%| O|  |TAMS 0x0000000082e00000, 0x0000000082d00000| Untracked 
|  10|0x0000000082e00000, 0x0000000082f00000, 0x0000000082f00000|100%| O|  |TAMS 0x0000000082f00000, 0x0000000082e00000| Untracked 
|  11|0x0000000082f00000, 0x0000000083000000, 0x0000000083000000|100%| O|  |TAMS 0x0000000083000000, 0x0000000082f00000| Untracked 
|  12|0x0000000083000000, 0x0000000083100000, 0x0000000083100000|100%| O|  |TAMS 0x0000000083100000, 0x0000000083000000| Untracked 
|  13|0x0000000083100000, 0x0000000083200000, 0x0000000083200000|100%| O|  |TAMS 0x0000000083200000, 0x0000000083100000| Untracked 
|  14|0x0000000083200000, 0x0000000083300000, 0x0000000083300000|100%| O|  |TAMS 0x0000000083300000, 0x0000000083200000| Untracked 
|  15|0x0000000083300000, 0x0000000083400000, 0x0000000083400000|100%| O|  |TAMS 0x0000000083400000, 0x0000000083300000| Untracked 
|  16|0x0000000083400000, 0x0000000083500000, 0x0000000083500000|100%|HS|  |TAMS 0x0000000083500000, 0x0000000083400000| Complete 
|  17|0x0000000083500000, 0x0000000083600000, 0x0000000083600000|100%|HC|  |TAMS 0x0000000083600000, 0x0000000083500000| Complete 
|  18|0x0000000083600000, 0x0000000083700000, 0x0000000083700000|100%|HC|  |TAMS 0x0000000083700000, 0x0000000083600000| Complete 
|  19|0x0000000083700000, 0x0000000083800000, 0x0000000083800000|100%|HC|  |TAMS 0x0000000083800000, 0x0000000083700000| Complete 
|  20|0x0000000083800000, 0x0000000083900000, 0x0000000083900000|100%|HC|  |TAMS 0x0000000083900000, 0x0000000083800000| Complete 
|  21|0x0000000083900000, 0x0000000083a00000, 0x0000000083a00000|100%|HS|  |TAMS 0x0000000083a00000, 0x0000000083900000| Complete 
|  22|0x0000000083a00000, 0x0000000083b00000, 0x0000000083b00000|100%|HC|  |TAMS 0x0000000083b00000, 0x0000000083a00000| Complete 
|  23|0x0000000083b00000, 0x0000000083c00000, 0x0000000083c00000|100%|HC|  |TAMS 0x0000000083c00000, 0x0000000083b00000| Complete 
|  24|0x0000000083c00000, 0x0000000083d00000, 0x0000000083d00000|100%|HC|  |TAMS 0x0000000083d00000, 0x0000000083c00000| Complete 
|  25|0x0000000083d00000, 0x0000000083e00000, 0x0000000083e00000|100%|HC|  |TAMS 0x0000000083e00000, 0x0000000083d00000| Complete 
|  26|0x0000000083e00000, 0x0000000083f00000, 0x0000000083f00000|100%| O|  |TAMS 0x0000000083f00000, 0x0000000083e00000| Untracked 
|  27|0x0000000083f00000, 0x0000000084000000, 0x0000000084000000|100%| O|  |TAMS 0x0000000084000000, 0x0000000083f00000| Untracked 
|  28|0x0000000084000000, 0x0000000084100000, 0x0000000084100000|100%| O|  |TAMS 0x0000000084100000, 0x0000000084000000| Untracked 
|  29|0x0000000084100000, 0x0000000084200000, 0x0000000084200000|100%| O|  |TAMS 0x0000000084200000, 0x0000000084100000| Untracked 
|  30|0x0000000084200000, 0x0000000084300000, 0x0000000084300000|100%| O|  |TAMS 0x00000000842d3000, 0x0000000084200000| Untracked 
|  31|0x0000000084300000, 0x0000000084400000, 0x0000000084400000|100%| O|  |TAMS 0x0000000084300000, 0x0000000084300000| Untracked 
|  32|0x0000000084400000, 0x0000000084500000, 0x0000000084500000|100%| O|  |TAMS 0x0000000084400000, 0x0000000084400000| Untracked 
|  33|0x0000000084500000, 0x0000000084600000, 0x0000000084600000|100%| O|  |TAMS 0x0000000084500000, 0x0000000084500000| Untracked 
|  34|0x0000000084600000, 0x0000000084700000, 0x0000000084700000|100%| O|  |TAMS 0x0000000084600000, 0x0000000084600000| Untracked 
|  35|0x0000000084700000, 0x0000000084800000, 0x0000000084800000|100%| O|  |TAMS 0x0000000084700000, 0x0000000084700000| Untracked 
|  36|0x0000000084800000, 0x0000000084900000, 0x0000000084900000|100%|HS|  |TAMS 0x0000000084800000, 0x0000000084800000| Complete 
|  37|0x0000000084900000, 0x0000000084a00000, 0x0000000084a00000|100%| O|  |TAMS 0x0000000084900000, 0x0000000084900000| Untracked 
|  38|0x0000000084a00000, 0x0000000084b00000, 0x0000000084b00000|100%| O|  |TAMS 0x0000000084a00000, 0x0000000084a00000| Untracked 
|  39|0x0000000084b00000, 0x0000000084c00000, 0x0000000084c00000|100%| O|  |TAMS 0x0000000084b00000, 0x0000000084b00000| Untracked 
|  40|0x0000000084c00000, 0x0000000084d00000, 0x0000000084d00000|100%| O|  |TAMS 0x0000000084c00000, 0x0000000084c00000| Untracked 
|  41|0x0000000084d00000, 0x0000000084e00000, 0x0000000084e00000|100%| O|  |TAMS 0x0000000084d00000, 0x0000000084d00000| Untracked 
|  42|0x0000000084e00000, 0x0000000084f00000, 0x0000000084f00000|100%| O|  |TAMS 0x0000000084e00000, 0x0000000084e00000| Untracked 
|  43|0x0000000084f00000, 0x0000000085000000, 0x0000000085000000|100%| O|  |TAMS 0x0000000084f00000, 0x0000000084f00000| Untracked 
|  44|0x0000000085000000, 0x0000000085100000, 0x0000000085100000|100%| O|  |TAMS 0x0000000085000000, 0x0000000085000000| Untracked 
|  45|0x0000000085100000, 0x0000000085200000, 0x0000000085200000|100%| O|  |TAMS 0x0000000085100000, 0x0000000085100000| Untracked 
|  46|0x0000000085200000, 0x0000000085300000, 0x0000000085300000|100%| O|  |TAMS 0x0000000085200000, 0x0000000085200000| Untracked 
|  47|0x0000000085300000, 0x0000000085400000, 0x0000000085400000|100%| O|  |TAMS 0x0000000085300000, 0x0000000085300000| Untracked 
|  48|0x0000000085400000, 0x0000000085500000, 0x0000000085500000|100%| O|  |TAMS 0x0000000085400000, 0x0000000085400000| Untracked 
|  49|0x0000000085500000, 0x0000000085600000, 0x0000000085600000|100%|HS|  |TAMS 0x0000000085600000, 0x0000000085500000| Complete 
|  50|0x0000000085600000, 0x0000000085700000, 0x0000000085700000|100%|HC|  |TAMS 0x0000000085700000, 0x0000000085600000| Complete 
|  51|0x0000000085700000, 0x0000000085800000, 0x0000000085800000|100%|HC|  |TAMS 0x0000000085800000, 0x0000000085700000| Complete 
|  52|0x0000000085800000, 0x0000000085900000, 0x0000000085900000|100%| O|  |TAMS 0x0000000085800000, 0x0000000085800000| Untracked 
|  53|0x0000000085900000, 0x000000008596ac00, 0x0000000085a00000| 41%| O|  |TAMS 0x0000000085900000, 0x0000000085900000| Untracked 
|  54|0x0000000085a00000, 0x0000000085a00000, 0x0000000085b00000|  0%| F|  |TAMS 0x0000000085a00000, 0x0000000085a00000| Untracked 
|  55|0x0000000085b00000, 0x0000000085b00000, 0x0000000085c00000|  0%| F|  |TAMS 0x0000000085b00000, 0x0000000085b00000| Untracked 
|  56|0x0000000085c00000, 0x0000000085c00000, 0x0000000085d00000|  0%| F|  |TAMS 0x0000000085c00000, 0x0000000085c00000| Untracked 
|  57|0x0000000085d00000, 0x0000000085d00000, 0x0000000085e00000|  0%| F|  |TAMS 0x0000000085d00000, 0x0000000085d00000| Untracked 
|  58|0x0000000085e00000, 0x0000000085e00000, 0x0000000085f00000|  0%| F|  |TAMS 0x0000000085e00000, 0x0000000085e00000| Untracked 
|  59|0x0000000085f00000, 0x0000000085f00000, 0x0000000086000000|  0%| F|  |TAMS 0x0000000085f00000, 0x0000000085f00000| Untracked 
|  60|0x0000000086000000, 0x0000000086000000, 0x0000000086100000|  0%| F|  |TAMS 0x0000000086000000, 0x0000000086000000| Untracked 
|  61|0x0000000086100000, 0x0000000086100000, 0x0000000086200000|  0%| F|  |TAMS 0x0000000086100000, 0x0000000086100000| Untracked 
|  62|0x0000000086200000, 0x0000000086200000, 0x0000000086300000|  0%| F|  |TAMS 0x0000000086200000, 0x0000000086200000| Untracked 
|  63|0x0000000086300000, 0x0000000086300000, 0x0000000086400000|  0%| F|  |TAMS 0x0000000086300000, 0x0000000086300000| Untracked 
|  64|0x0000000086400000, 0x0000000086500000, 0x0000000086500000|100%|HS|  |TAMS 0x0000000086500000, 0x0000000086400000| Complete 
|  65|0x0000000086500000, 0x0000000086600000, 0x0000000086600000|100%|HC|  |TAMS 0x0000000086600000, 0x0000000086500000| Complete 
|  66|0x0000000086600000, 0x0000000086700000, 0x0000000086700000|100%|HC|  |TAMS 0x0000000086700000, 0x0000000086600000| Complete 
|  67|0x0000000086700000, 0x0000000086800000, 0x0000000086800000|100%|HC|  |TAMS 0x0000000086800000, 0x0000000086700000| Complete 
|  68|0x0000000086800000, 0x0000000086900000, 0x0000000086900000|100%|HC|  |TAMS 0x0000000086900000, 0x0000000086800000| Complete 
|  69|0x0000000086900000, 0x0000000086a00000, 0x0000000086a00000|100%|HC|  |TAMS 0x0000000086a00000, 0x0000000086900000| Complete 
|  70|0x0000000086a00000, 0x0000000086b00000, 0x0000000086b00000|100%|HC|  |TAMS 0x0000000086b00000, 0x0000000086a00000| Complete 
|  71|0x0000000086b00000, 0x0000000086c00000, 0x0000000086c00000|100%|HC|  |TAMS 0x0000000086c00000, 0x0000000086b00000| Complete 
|  72|0x0000000086c00000, 0x0000000086d00000, 0x0000000086d00000|100%|HC|  |TAMS 0x0000000086d00000, 0x0000000086c00000| Complete 
|  73|0x0000000086d00000, 0x0000000086e00000, 0x0000000086e00000|100%|HC|  |TAMS 0x0000000086e00000, 0x0000000086d00000| Complete 
|  74|0x0000000086e00000, 0x0000000086f00000, 0x0000000086f00000|100%|HC|  |TAMS 0x0000000086f00000, 0x0000000086e00000| Complete 
|  75|0x0000000086f00000, 0x0000000087000000, 0x0000000087000000|100%|HC|  |TAMS 0x0000000087000000, 0x0000000086f00000| Complete 
|  76|0x0000000087000000, 0x0000000087100000, 0x0000000087100000|100%|HC|  |TAMS 0x0000000087100000, 0x0000000087000000| Complete 
|  77|0x0000000087100000, 0x0000000087200000, 0x0000000087200000|100%|HC|  |TAMS 0x0000000087200000, 0x0000000087100000| Complete 
|  78|0x0000000087200000, 0x0000000087300000, 0x0000000087300000|100%|HC|  |TAMS 0x0000000087300000, 0x0000000087200000| Complete 
|  79|0x0000000087300000, 0x0000000087400000, 0x0000000087400000|100%|HC|  |TAMS 0x0000000087400000, 0x0000000087300000| Complete 
|  80|0x0000000087400000, 0x0000000087500000, 0x0000000087500000|100%|HC|  |TAMS 0x0000000087500000, 0x0000000087400000| Complete 
|  81|0x0000000087500000, 0x0000000087600000, 0x0000000087600000|100%|HC|  |TAMS 0x0000000087600000, 0x0000000087500000| Complete 
|  82|0x0000000087600000, 0x0000000087700000, 0x0000000087700000|100%|HC|  |TAMS 0x0000000087700000, 0x0000000087600000| Complete 
|  83|0x0000000087700000, 0x0000000087800000, 0x0000000087800000|100%|HC|  |TAMS 0x0000000087800000, 0x0000000087700000| Complete 
|  84|0x0000000087800000, 0x0000000087900000, 0x0000000087900000|100%|HC|  |TAMS 0x0000000087900000, 0x0000000087800000| Complete 
|  85|0x0000000087900000, 0x0000000087a00000, 0x0000000087a00000|100%|HC|  |TAMS 0x0000000087a00000, 0x0000000087900000| Complete 
|  86|0x0000000087a00000, 0x0000000087b00000, 0x0000000087b00000|100%|HC|  |TAMS 0x0000000087b00000, 0x0000000087a00000| Complete 
|  87|0x0000000087b00000, 0x0000000087c00000, 0x0000000087c00000|100%|HC|  |TAMS 0x0000000087c00000, 0x0000000087b00000| Complete 
|  88|0x0000000087c00000, 0x0000000087d00000, 0x0000000087d00000|100%|HC|  |TAMS 0x0000000087d00000, 0x0000000087c00000| Complete 
|  89|0x0000000087d00000, 0x0000000087e00000, 0x0000000087e00000|100%|HC|  |TAMS 0x0000000087e00000, 0x0000000087d00000| Complete 
|  90|0x0000000087e00000, 0x0000000087f00000, 0x0000000087f00000|100%|HC|  |TAMS 0x0000000087f00000, 0x0000000087e00000| Complete 
|  91|0x0000000087f00000, 0x0000000088000000, 0x0000000088000000|100%|HC|  |TAMS 0x0000000088000000, 0x0000000087f00000| Complete 
|  92|0x0000000088000000, 0x0000000088100000, 0x0000000088100000|100%|HC|  |TAMS 0x0000000088100000, 0x0000000088000000| Complete 
|  93|0x0000000088100000, 0x0000000088200000, 0x0000000088200000|100%|HC|  |TAMS 0x0000000088200000, 0x0000000088100000| Complete 
|  94|0x0000000088200000, 0x0000000088300000, 0x0000000088300000|100%|HC|  |TAMS 0x0000000088300000, 0x0000000088200000| Complete 
|  95|0x0000000088300000, 0x0000000088400000, 0x0000000088400000|100%|HC|  |TAMS 0x0000000088400000, 0x0000000088300000| Complete 
|  96|0x0000000088400000, 0x0000000088500000, 0x0000000088500000|100%|HC|  |TAMS 0x0000000088500000, 0x0000000088400000| Complete 
|  97|0x0000000088500000, 0x0000000088500000, 0x0000000088600000|  0%| F|  |TAMS 0x0000000088500000, 0x0000000088500000| Untracked 
|  98|0x0000000088600000, 0x0000000088600000, 0x0000000088700000|  0%| F|  |TAMS 0x0000000088600000, 0x0000000088600000| Untracked 
|  99|0x0000000088700000, 0x0000000088700000, 0x0000000088800000|  0%| F|  |TAMS 0x0000000088700000, 0x0000000088700000| Untracked 
| 100|0x0000000088800000, 0x0000000088900000, 0x0000000088900000|100%|HS|  |TAMS 0x0000000088900000, 0x0000000088800000| Complete 
| 101|0x0000000088900000, 0x0000000088a00000, 0x0000000088a00000|100%|HC|  |TAMS 0x0000000088a00000, 0x0000000088900000| Complete 
| 102|0x0000000088a00000, 0x0000000088b00000, 0x0000000088b00000|100%|HC|  |TAMS 0x0000000088b00000, 0x0000000088a00000| Complete 
| 103|0x0000000088b00000, 0x0000000088c00000, 0x0000000088c00000|100%|HS|  |TAMS 0x0000000088c00000, 0x0000000088b00000| Complete 
| 104|0x0000000088c00000, 0x0000000088d00000, 0x0000000088d00000|100%|HC|  |TAMS 0x0000000088d00000, 0x0000000088c00000| Complete 
| 105|0x0000000088d00000, 0x0000000088e00000, 0x0000000088e00000|100%|HC|  |TAMS 0x0000000088e00000, 0x0000000088d00000| Complete 
| 106|0x0000000088e00000, 0x0000000088f00000, 0x0000000088f00000|100%|HC|  |TAMS 0x0000000088f00000, 0x0000000088e00000| Complete 
| 107|0x0000000088f00000, 0x0000000089000000, 0x0000000089000000|100%|HC|  |TAMS 0x0000000089000000, 0x0000000088f00000| Complete 
| 108|0x0000000089000000, 0x0000000089100000, 0x0000000089100000|100%|HC|  |TAMS 0x0000000089100000, 0x0000000089000000| Complete 
| 109|0x0000000089100000, 0x0000000089200000, 0x0000000089200000|100%| O|  |TAMS 0x0000000089100000, 0x0000000089100000| Untracked 
| 110|0x0000000089200000, 0x0000000089200000, 0x0000000089300000|  0%| F|  |TAMS 0x0000000089200000, 0x0000000089200000| Untracked 
| 111|0x0000000089300000, 0x0000000089300000, 0x0000000089400000|  0%| F|  |TAMS 0x0000000089300000, 0x0000000089300000| Untracked 
| 112|0x0000000089400000, 0x0000000089400000, 0x0000000089500000|  0%| F|  |TAMS 0x0000000089400000, 0x0000000089400000| Untracked 
| 113|0x0000000089500000, 0x0000000089500000, 0x0000000089600000|  0%| F|  |TAMS 0x0000000089500000, 0x0000000089500000| Untracked 
| 114|0x0000000089600000, 0x0000000089600000, 0x0000000089700000|  0%| F|  |TAMS 0x0000000089600000, 0x0000000089600000| Untracked 
| 115|0x0000000089700000, 0x0000000089700000, 0x0000000089800000|  0%| F|  |TAMS 0x0000000089700000, 0x0000000089700000| Untracked 
| 116|0x0000000089800000, 0x0000000089800000, 0x0000000089900000|  0%| F|  |TAMS 0x0000000089800000, 0x0000000089800000| Untracked 
| 117|0x0000000089900000, 0x0000000089900000, 0x0000000089a00000|  0%| F|  |TAMS 0x0000000089900000, 0x0000000089900000| Untracked 
| 118|0x0000000089a00000, 0x0000000089a00000, 0x0000000089b00000|  0%| F|  |TAMS 0x0000000089a00000, 0x0000000089a00000| Untracked 
| 119|0x0000000089b00000, 0x0000000089b00000, 0x0000000089c00000|  0%| F|  |TAMS 0x0000000089b00000, 0x0000000089b00000| Untracked 
| 120|0x0000000089c00000, 0x0000000089c00000, 0x0000000089d00000|  0%| F|  |TAMS 0x0000000089c00000, 0x0000000089c00000| Untracked 
| 121|0x0000000089d00000, 0x0000000089d00000, 0x0000000089e00000|  0%| F|  |TAMS 0x0000000089d00000, 0x0000000089d00000| Untracked 
| 122|0x0000000089e00000, 0x0000000089e00000, 0x0000000089f00000|  0%| F|  |TAMS 0x0000000089e00000, 0x0000000089e00000| Untracked 
| 123|0x0000000089f00000, 0x0000000089f00000, 0x000000008a000000|  0%| F|  |TAMS 0x0000000089f00000, 0x0000000089f00000| Untracked 
| 124|0x000000008a000000, 0x000000008a000000, 0x000000008a100000|  0%| F|  |TAMS 0x000000008a000000, 0x000000008a000000| Untracked 
| 125|0x000000008a100000, 0x000000008a100000, 0x000000008a200000|  0%| F|  |TAMS 0x000000008a100000, 0x000000008a100000| Untracked 
| 126|0x000000008a200000, 0x000000008a200000, 0x000000008a300000|  0%| F|  |TAMS 0x000000008a200000, 0x000000008a200000| Untracked 
| 127|0x000000008a300000, 0x000000008a304890, 0x000000008a400000|  1%| S|CS|TAMS 0x000000008a300000, 0x000000008a300000| Complete 
| 128|0x000000008a400000, 0x000000008a400000, 0x000000008a500000|  0%| F|  |TAMS 0x000000008a400000, 0x000000008a400000| Untracked 
| 129|0x000000008a500000, 0x000000008a500000, 0x000000008a600000|  0%| F|  |TAMS 0x000000008a500000, 0x000000008a500000| Untracked 
| 130|0x000000008a600000, 0x000000008a600000, 0x000000008a700000|  0%| F|  |TAMS 0x000000008a600000, 0x000000008a600000| Untracked 
| 131|0x000000008a700000, 0x000000008a700000, 0x000000008a800000|  0%| F|  |TAMS 0x000000008a700000, 0x000000008a700000| Untracked 
| 132|0x000000008a800000, 0x000000008a800000, 0x000000008a900000|  0%| F|  |TAMS 0x000000008a800000, 0x000000008a800000| Untracked 
| 133|0x000000008a900000, 0x000000008a900000, 0x000000008aa00000|  0%| F|  |TAMS 0x000000008a900000, 0x000000008a900000| Untracked 
| 134|0x000000008aa00000, 0x000000008aa00000, 0x000000008ab00000|  0%| F|  |TAMS 0x000000008aa00000, 0x000000008aa00000| Untracked 
| 135|0x000000008ab00000, 0x000000008ab00000, 0x000000008ac00000|  0%| F|  |TAMS 0x000000008ab00000, 0x000000008ab00000| Untracked 
| 136|0x000000008ac00000, 0x000000008ac00000, 0x000000008ad00000|  0%| F|  |TAMS 0x000000008ac00000, 0x000000008ac00000| Untracked 
| 137|0x000000008ad00000, 0x000000008ad00000, 0x000000008ae00000|  0%| F|  |TAMS 0x000000008ad00000, 0x000000008ad00000| Untracked 
| 138|0x000000008ae00000, 0x000000008ae00000, 0x000000008af00000|  0%| F|  |TAMS 0x000000008ae00000, 0x000000008ae00000| Untracked 
| 139|0x000000008af00000, 0x000000008af00000, 0x000000008b000000|  0%| F|  |TAMS 0x000000008af00000, 0x000000008af00000| Untracked 
| 140|0x000000008b000000, 0x000000008b000000, 0x000000008b100000|  0%| F|  |TAMS 0x000000008b000000, 0x000000008b000000| Untracked 
| 141|0x000000008b100000, 0x000000008b100000, 0x000000008b200000|  0%| F|  |TAMS 0x000000008b100000, 0x000000008b100000| Untracked 
| 142|0x000000008b200000, 0x000000008b200000, 0x000000008b300000|  0%| F|  |TAMS 0x000000008b200000, 0x000000008b200000| Untracked 
| 143|0x000000008b300000, 0x000000008b300000, 0x000000008b400000|  0%| F|  |TAMS 0x000000008b300000, 0x000000008b300000| Untracked 
| 144|0x000000008b400000, 0x000000008b400000, 0x000000008b500000|  0%| F|  |TAMS 0x000000008b400000, 0x000000008b400000| Untracked 
| 145|0x000000008b500000, 0x000000008b500000, 0x000000008b600000|  0%| F|  |TAMS 0x000000008b500000, 0x000000008b500000| Untracked 
| 146|0x000000008b600000, 0x000000008b600000, 0x000000008b700000|  0%| F|  |TAMS 0x000000008b600000, 0x000000008b600000| Untracked 
| 147|0x000000008b700000, 0x000000008b700000, 0x000000008b800000|  0%| F|  |TAMS 0x000000008b700000, 0x000000008b700000| Untracked 
| 148|0x000000008b800000, 0x000000008b800000, 0x000000008b900000|  0%| F|  |TAMS 0x000000008b800000, 0x000000008b800000| Untracked 
| 149|0x000000008b900000, 0x000000008b900000, 0x000000008ba00000|  0%| F|  |TAMS 0x000000008b900000, 0x000000008b900000| Untracked 
| 150|0x000000008ba00000, 0x000000008ba00000, 0x000000008bb00000|  0%| F|  |TAMS 0x000000008ba00000, 0x000000008ba00000| Untracked 
| 151|0x000000008bb00000, 0x000000008bb00000, 0x000000008bc00000|  0%| F|  |TAMS 0x000000008bb00000, 0x000000008bb00000| Untracked 
| 152|0x000000008bc00000, 0x000000008bc00000, 0x000000008bd00000|  0%| F|  |TAMS 0x000000008bc00000, 0x000000008bc00000| Untracked 
| 153|0x000000008bd00000, 0x000000008bd00000, 0x000000008be00000|  0%| F|  |TAMS 0x000000008bd00000, 0x000000008bd00000| Untracked 
| 154|0x000000008be00000, 0x000000008be00000, 0x000000008bf00000|  0%| F|  |TAMS 0x000000008be00000, 0x000000008be00000| Untracked 
| 155|0x000000008bf00000, 0x000000008bf00000, 0x000000008c000000|  0%| F|  |TAMS 0x000000008bf00000, 0x000000008bf00000| Untracked 
| 156|0x000000008c000000, 0x000000008c000000, 0x000000008c100000|  0%| F|  |TAMS 0x000000008c000000, 0x000000008c000000| Untracked 
| 157|0x000000008c100000, 0x000000008c100000, 0x000000008c200000|  0%| F|  |TAMS 0x000000008c100000, 0x000000008c100000| Untracked 
| 158|0x000000008c200000, 0x000000008c200000, 0x000000008c300000|  0%| F|  |TAMS 0x000000008c200000, 0x000000008c200000| Untracked 
| 159|0x000000008c300000, 0x000000008c300000, 0x000000008c400000|  0%| F|  |TAMS 0x000000008c300000, 0x000000008c300000| Untracked 
| 160|0x000000008c400000, 0x000000008c400000, 0x000000008c500000|  0%| F|  |TAMS 0x000000008c400000, 0x000000008c400000| Untracked 
| 161|0x000000008c500000, 0x000000008c500000, 0x000000008c600000|  0%| F|  |TAMS 0x000000008c500000, 0x000000008c500000| Untracked 
| 162|0x000000008c600000, 0x000000008c600000, 0x000000008c700000|  0%| F|  |TAMS 0x000000008c600000, 0x000000008c600000| Untracked 
| 163|0x000000008c700000, 0x000000008c700000, 0x000000008c800000|  0%| F|  |TAMS 0x000000008c700000, 0x000000008c700000| Untracked 
| 164|0x000000008c800000, 0x000000008c800000, 0x000000008c900000|  0%| F|  |TAMS 0x000000008c800000, 0x000000008c800000| Untracked 
| 165|0x000000008c900000, 0x000000008c900000, 0x000000008ca00000|  0%| F|  |TAMS 0x000000008c900000, 0x000000008c900000| Untracked 
| 166|0x000000008ca00000, 0x000000008ca00000, 0x000000008cb00000|  0%| F|  |TAMS 0x000000008ca00000, 0x000000008ca00000| Untracked 
| 167|0x000000008cb00000, 0x000000008cb00000, 0x000000008cc00000|  0%| F|  |TAMS 0x000000008cb00000, 0x000000008cb00000| Untracked 
| 168|0x000000008cc00000, 0x000000008cc00000, 0x000000008cd00000|  0%| F|  |TAMS 0x000000008cc00000, 0x000000008cc00000| Untracked 
| 169|0x000000008cd00000, 0x000000008cd00000, 0x000000008ce00000|  0%| F|  |TAMS 0x000000008cd00000, 0x000000008cd00000| Untracked 
| 170|0x000000008ce00000, 0x000000008ce00000, 0x000000008cf00000|  0%| F|  |TAMS 0x000000008ce00000, 0x000000008ce00000| Untracked 
| 171|0x000000008cf00000, 0x000000008cf00000, 0x000000008d000000|  0%| F|  |TAMS 0x000000008cf00000, 0x000000008cf00000| Untracked 
| 172|0x000000008d000000, 0x000000008d000000, 0x000000008d100000|  0%| F|  |TAMS 0x000000008d000000, 0x000000008d000000| Untracked 
| 173|0x000000008d100000, 0x000000008d100000, 0x000000008d200000|  0%| F|  |TAMS 0x000000008d100000, 0x000000008d100000| Untracked 
| 174|0x000000008d200000, 0x000000008d200000, 0x000000008d300000|  0%| F|  |TAMS 0x000000008d200000, 0x000000008d200000| Untracked 
| 175|0x000000008d300000, 0x000000008d300000, 0x000000008d400000|  0%| F|  |TAMS 0x000000008d300000, 0x000000008d300000| Untracked 
| 176|0x000000008d400000, 0x000000008d400000, 0x000000008d500000|  0%| F|  |TAMS 0x000000008d400000, 0x000000008d400000| Untracked 
| 177|0x000000008d500000, 0x000000008d500000, 0x000000008d600000|  0%| F|  |TAMS 0x000000008d500000, 0x000000008d500000| Untracked 
| 178|0x000000008d600000, 0x000000008d600000, 0x000000008d700000|  0%| F|  |TAMS 0x000000008d600000, 0x000000008d600000| Untracked 
| 179|0x000000008d700000, 0x000000008d700000, 0x000000008d800000|  0%| F|  |TAMS 0x000000008d700000, 0x000000008d700000| Untracked 
| 180|0x000000008d800000, 0x000000008d800000, 0x000000008d900000|  0%| F|  |TAMS 0x000000008d800000, 0x000000008d800000| Untracked 
| 181|0x000000008d900000, 0x000000008d900000, 0x000000008da00000|  0%| F|  |TAMS 0x000000008d900000, 0x000000008d900000| Untracked 
| 182|0x000000008da00000, 0x000000008da00000, 0x000000008db00000|  0%| F|  |TAMS 0x000000008da00000, 0x000000008da00000| Untracked 
| 183|0x000000008db00000, 0x000000008db00000, 0x000000008dc00000|  0%| F|  |TAMS 0x000000008db00000, 0x000000008db00000| Untracked 
| 184|0x000000008dc00000, 0x000000008dc00000, 0x000000008dd00000|  0%| F|  |TAMS 0x000000008dc00000, 0x000000008dc00000| Untracked 
| 185|0x000000008dd00000, 0x000000008dd00000, 0x000000008de00000|  0%| F|  |TAMS 0x000000008dd00000, 0x000000008dd00000| Untracked 
| 186|0x000000008de00000, 0x000000008de00000, 0x000000008df00000|  0%| F|  |TAMS 0x000000008de00000, 0x000000008de00000| Untracked 
| 187|0x000000008df00000, 0x000000008df00000, 0x000000008e000000|  0%| F|  |TAMS 0x000000008df00000, 0x000000008df00000| Untracked 
| 188|0x000000008e000000, 0x000000008e000000, 0x000000008e100000|  0%| F|  |TAMS 0x000000008e000000, 0x000000008e000000| Untracked 
| 189|0x000000008e100000, 0x000000008e100000, 0x000000008e200000|  0%| F|  |TAMS 0x000000008e100000, 0x000000008e100000| Untracked 
| 190|0x000000008e200000, 0x000000008e200000, 0x000000008e300000|  0%| F|  |TAMS 0x000000008e200000, 0x000000008e200000| Untracked 
| 191|0x000000008e300000, 0x000000008e300000, 0x000000008e400000|  0%| F|  |TAMS 0x000000008e300000, 0x000000008e300000| Untracked 
| 192|0x000000008e400000, 0x000000008e400000, 0x000000008e500000|  0%| F|  |TAMS 0x000000008e400000, 0x000000008e400000| Untracked 
| 193|0x000000008e500000, 0x000000008e500000, 0x000000008e600000|  0%| F|  |TAMS 0x000000008e500000, 0x000000008e500000| Untracked 
| 194|0x000000008e600000, 0x000000008e600000, 0x000000008e700000|  0%| F|  |TAMS 0x000000008e600000, 0x000000008e600000| Untracked 
| 195|0x000000008e700000, 0x000000008e700000, 0x000000008e800000|  0%| F|  |TAMS 0x000000008e700000, 0x000000008e700000| Untracked 
| 196|0x000000008e800000, 0x000000008e800000, 0x000000008e900000|  0%| F|  |TAMS 0x000000008e800000, 0x000000008e800000| Untracked 
| 197|0x000000008e900000, 0x000000008e900000, 0x000000008ea00000|  0%| F|  |TAMS 0x000000008e900000, 0x000000008e900000| Untracked 
| 198|0x000000008ea00000, 0x000000008ea00000, 0x000000008eb00000|  0%| F|  |TAMS 0x000000008ea00000, 0x000000008ea00000| Untracked 
| 199|0x000000008eb00000, 0x000000008eb00000, 0x000000008ec00000|  0%| F|  |TAMS 0x000000008eb00000, 0x000000008eb00000| Untracked 
| 200|0x000000008ec00000, 0x000000008ec80800, 0x000000008ed00000| 50%| E|  |TAMS 0x000000008ec00000, 0x000000008ec00000| Complete 
| 201|0x000000008ed00000, 0x000000008ee00000, 0x000000008ee00000|100%| E|CS|TAMS 0x000000008ed00000, 0x000000008ed00000| Complete 
| 202|0x000000008ee00000, 0x000000008ef00000, 0x000000008ef00000|100%| E|CS|TAMS 0x000000008ee00000, 0x000000008ee00000| Complete 
| 203|0x000000008ef00000, 0x000000008f000000, 0x000000008f000000|100%| E|CS|TAMS 0x000000008ef00000, 0x000000008ef00000| Complete 
| 204|0x000000008f000000, 0x000000008f100000, 0x000000008f100000|100%| E|CS|TAMS 0x000000008f000000, 0x000000008f000000| Complete 
| 205|0x000000008f100000, 0x000000008f200000, 0x000000008f200000|100%| E|CS|TAMS 0x000000008f100000, 0x000000008f100000| Complete 
| 206|0x000000008f200000, 0x000000008f300000, 0x000000008f300000|100%| E|CS|TAMS 0x000000008f200000, 0x000000008f200000| Complete 
| 207|0x000000008f300000, 0x000000008f400000, 0x000000008f400000|100%| E|CS|TAMS 0x000000008f300000, 0x000000008f300000| Complete 
| 208|0x000000008f400000, 0x000000008f500000, 0x000000008f500000|100%| E|CS|TAMS 0x000000008f400000, 0x000000008f400000| Complete 
| 209|0x000000008f500000, 0x000000008f600000, 0x000000008f600000|100%| E|CS|TAMS 0x000000008f500000, 0x000000008f500000| Complete 
| 210|0x000000008f600000, 0x000000008f700000, 0x000000008f700000|100%| E|CS|TAMS 0x000000008f600000, 0x000000008f600000| Complete 
| 211|0x000000008f700000, 0x000000008f800000, 0x000000008f800000|100%| E|CS|TAMS 0x000000008f700000, 0x000000008f700000| Complete 
| 212|0x000000008f800000, 0x000000008f900000, 0x000000008f900000|100%| E|CS|TAMS 0x000000008f800000, 0x000000008f800000| Complete 
| 213|0x000000008f900000, 0x000000008fa00000, 0x000000008fa00000|100%| E|CS|TAMS 0x000000008f900000, 0x000000008f900000| Complete 
| 214|0x000000008fa00000, 0x000000008fb00000, 0x000000008fb00000|100%| E|CS|TAMS 0x000000008fa00000, 0x000000008fa00000| Complete 
| 215|0x000000008fb00000, 0x000000008fc00000, 0x000000008fc00000|100%| E|CS|TAMS 0x000000008fb00000, 0x000000008fb00000| Complete 
| 216|0x000000008fc00000, 0x000000008fd00000, 0x000000008fd00000|100%| E|CS|TAMS 0x000000008fc00000, 0x000000008fc00000| Complete 
| 217|0x000000008fd00000, 0x000000008fe00000, 0x000000008fe00000|100%| E|CS|TAMS 0x000000008fd00000, 0x000000008fd00000| Complete 
| 218|0x000000008fe00000, 0x000000008ff00000, 0x000000008ff00000|100%| E|CS|TAMS 0x000000008fe00000, 0x000000008fe00000| Complete 
| 219|0x000000008ff00000, 0x0000000090000000, 0x0000000090000000|100%| E|CS|TAMS 0x000000008ff00000, 0x000000008ff00000| Complete 
| 220|0x0000000090000000, 0x0000000090100000, 0x0000000090100000|100%| E|CS|TAMS 0x0000000090000000, 0x0000000090000000| Complete 
| 221|0x0000000090100000, 0x0000000090200000, 0x0000000090200000|100%| E|CS|TAMS 0x0000000090100000, 0x0000000090100000| Complete 
| 222|0x0000000090200000, 0x0000000090300000, 0x0000000090300000|100%| E|CS|TAMS 0x0000000090200000, 0x0000000090200000| Complete 
| 223|0x0000000090300000, 0x0000000090400000, 0x0000000090400000|100%| E|CS|TAMS 0x0000000090300000, 0x0000000090300000| Complete 
| 224|0x0000000090400000, 0x0000000090500000, 0x0000000090500000|100%| E|CS|TAMS 0x0000000090400000, 0x0000000090400000| Complete 
| 225|0x0000000090500000, 0x0000000090600000, 0x0000000090600000|100%| E|CS|TAMS 0x0000000090500000, 0x0000000090500000| Complete 
| 226|0x0000000090600000, 0x0000000090700000, 0x0000000090700000|100%| E|CS|TAMS 0x0000000090600000, 0x0000000090600000| Complete 
| 227|0x0000000090700000, 0x0000000090800000, 0x0000000090800000|100%| E|CS|TAMS 0x0000000090700000, 0x0000000090700000| Complete 
| 228|0x0000000090800000, 0x0000000090900000, 0x0000000090900000|100%| E|CS|TAMS 0x0000000090800000, 0x0000000090800000| Complete 
| 229|0x0000000090900000, 0x0000000090a00000, 0x0000000090a00000|100%| E|CS|TAMS 0x0000000090900000, 0x0000000090900000| Complete 
| 230|0x0000000090a00000, 0x0000000090b00000, 0x0000000090b00000|100%| E|CS|TAMS 0x0000000090a00000, 0x0000000090a00000| Complete 
| 231|0x0000000090b00000, 0x0000000090c00000, 0x0000000090c00000|100%|HS|  |TAMS 0x0000000090c00000, 0x0000000090b00000| Complete 
| 232|0x0000000090c00000, 0x0000000090d00000, 0x0000000090d00000|100%|HC|  |TAMS 0x0000000090d00000, 0x0000000090c00000| Complete 
| 233|0x0000000090d00000, 0x0000000090e00000, 0x0000000090e00000|100%|HC|  |TAMS 0x0000000090e00000, 0x0000000090d00000| Complete 
| 234|0x0000000090e00000, 0x0000000090f00000, 0x0000000090f00000|100%|HC|  |TAMS 0x0000000090f00000, 0x0000000090e00000| Complete 
| 235|0x0000000090f00000, 0x0000000091000000, 0x0000000091000000|100%|HC|  |TAMS 0x0000000091000000, 0x0000000090f00000| Complete 
| 236|0x0000000091000000, 0x0000000091100000, 0x0000000091100000|100%|HC|  |TAMS 0x0000000091100000, 0x0000000091000000| Complete 
| 237|0x0000000091100000, 0x0000000091200000, 0x0000000091200000|100%|HC|  |TAMS 0x0000000091200000, 0x0000000091100000| Complete 
| 238|0x0000000091200000, 0x0000000091300000, 0x0000000091300000|100%|HC|  |TAMS 0x0000000091300000, 0x0000000091200000| Complete 
| 239|0x0000000091300000, 0x0000000091400000, 0x0000000091400000|100%|HC|  |TAMS 0x0000000091400000, 0x0000000091300000| Complete 
| 240|0x0000000091400000, 0x0000000091500000, 0x0000000091500000|100%|HC|  |TAMS 0x0000000091500000, 0x0000000091400000| Complete 
| 241|0x0000000091500000, 0x0000000091600000, 0x0000000091600000|100%|HC|  |TAMS 0x0000000091600000, 0x0000000091500000| Complete 
| 242|0x0000000091600000, 0x0000000091700000, 0x0000000091700000|100%|HC|  |TAMS 0x0000000091700000, 0x0000000091600000| Complete 
| 243|0x0000000091700000, 0x0000000091800000, 0x0000000091800000|100%|HC|  |TAMS 0x0000000091800000, 0x0000000091700000| Complete 
| 244|0x0000000091800000, 0x0000000091900000, 0x0000000091900000|100%|HC|  |TAMS 0x0000000091900000, 0x0000000091800000| Complete 
| 245|0x0000000091900000, 0x0000000091a00000, 0x0000000091a00000|100%|HC|  |TAMS 0x0000000091a00000, 0x0000000091900000| Complete 
| 246|0x0000000091a00000, 0x0000000091b00000, 0x0000000091b00000|100%|HC|  |TAMS 0x0000000091b00000, 0x0000000091a00000| Complete 
| 247|0x0000000091b00000, 0x0000000091c00000, 0x0000000091c00000|100%|HC|  |TAMS 0x0000000091c00000, 0x0000000091b00000| Complete 
| 248|0x0000000091c00000, 0x0000000091d00000, 0x0000000091d00000|100%|HC|  |TAMS 0x0000000091d00000, 0x0000000091c00000| Complete 
| 249|0x0000000091d00000, 0x0000000091e00000, 0x0000000091e00000|100%|HC|  |TAMS 0x0000000091e00000, 0x0000000091d00000| Complete 
| 250|0x0000000091e00000, 0x0000000091f00000, 0x0000000091f00000|100%|HC|  |TAMS 0x0000000091f00000, 0x0000000091e00000| Complete 
| 251|0x0000000091f00000, 0x0000000092000000, 0x0000000092000000|100%|HC|  |TAMS 0x0000000092000000, 0x0000000091f00000| Complete 
| 252|0x0000000092000000, 0x0000000092100000, 0x0000000092100000|100%|HC|  |TAMS 0x0000000092100000, 0x0000000092000000| Complete 
| 253|0x0000000092100000, 0x0000000092200000, 0x0000000092200000|100%|HC|  |TAMS 0x0000000092200000, 0x0000000092100000| Complete 
| 254|0x0000000092200000, 0x0000000092300000, 0x0000000092300000|100%|HC|  |TAMS 0x0000000092300000, 0x0000000092200000| Complete 
| 255|0x0000000092300000, 0x0000000092400000, 0x0000000092400000|100%|HC|  |TAMS 0x0000000092400000, 0x0000000092300000| Complete 
| 256|0x0000000092400000, 0x0000000092500000, 0x0000000092500000|100%|HC|  |TAMS 0x0000000092500000, 0x0000000092400000| Complete 
| 257|0x0000000092500000, 0x0000000092600000, 0x0000000092600000|100%|HC|  |TAMS 0x0000000092600000, 0x0000000092500000| Complete 
| 258|0x0000000092600000, 0x0000000092700000, 0x0000000092700000|100%|HC|  |TAMS 0x0000000092700000, 0x0000000092600000| Complete 
| 259|0x0000000092700000, 0x0000000092800000, 0x0000000092800000|100%|HC|  |TAMS 0x0000000092800000, 0x0000000092700000| Complete 
| 260|0x0000000092800000, 0x0000000092900000, 0x0000000092900000|100%|HC|  |TAMS 0x0000000092900000, 0x0000000092800000| Complete 
| 261|0x0000000092900000, 0x0000000092a00000, 0x0000000092a00000|100%|HC|  |TAMS 0x0000000092a00000, 0x0000000092900000| Complete 
| 262|0x0000000092a00000, 0x0000000092b00000, 0x0000000092b00000|100%|HC|  |TAMS 0x0000000092b00000, 0x0000000092a00000| Complete 
| 263|0x0000000092b00000, 0x0000000092c00000, 0x0000000092c00000|100%| E|CS|TAMS 0x0000000092b00000, 0x0000000092b00000| Complete 
| 264|0x0000000092c00000, 0x0000000092d00000, 0x0000000092d00000|100%| E|CS|TAMS 0x0000000092c00000, 0x0000000092c00000| Complete 
| 265|0x0000000092d00000, 0x0000000092e00000, 0x0000000092e00000|100%| E|CS|TAMS 0x0000000092d00000, 0x0000000092d00000| Complete 
| 266|0x0000000092e00000, 0x0000000092f00000, 0x0000000092f00000|100%| E|CS|TAMS 0x0000000092e00000, 0x0000000092e00000| Complete 
| 267|0x0000000092f00000, 0x0000000093000000, 0x0000000093000000|100%| E|CS|TAMS 0x0000000092f00000, 0x0000000092f00000| Complete 
| 268|0x0000000093000000, 0x0000000093100000, 0x0000000093100000|100%| E|CS|TAMS 0x0000000093000000, 0x0000000093000000| Complete 
| 269|0x0000000093100000, 0x0000000093200000, 0x0000000093200000|100%| E|CS|TAMS 0x0000000093100000, 0x0000000093100000| Complete 
| 270|0x0000000093200000, 0x0000000093300000, 0x0000000093300000|100%| E|CS|TAMS 0x0000000093200000, 0x0000000093200000| Complete 
| 271|0x0000000093300000, 0x0000000093400000, 0x0000000093400000|100%| E|CS|TAMS 0x0000000093300000, 0x0000000093300000| Complete 
| 272|0x0000000093400000, 0x0000000093500000, 0x0000000093500000|100%| E|CS|TAMS 0x0000000093400000, 0x0000000093400000| Complete 
| 273|0x0000000093500000, 0x0000000093600000, 0x0000000093600000|100%| E|CS|TAMS 0x0000000093500000, 0x0000000093500000| Complete 
| 274|0x0000000093600000, 0x0000000093700000, 0x0000000093700000|100%| E|CS|TAMS 0x0000000093600000, 0x0000000093600000| Complete 
| 275|0x0000000093700000, 0x0000000093800000, 0x0000000093800000|100%| E|CS|TAMS 0x0000000093700000, 0x0000000093700000| Complete 
| 276|0x0000000093800000, 0x0000000093900000, 0x0000000093900000|100%| E|CS|TAMS 0x0000000093800000, 0x0000000093800000| Complete 
| 277|0x0000000093900000, 0x0000000093a00000, 0x0000000093a00000|100%| E|CS|TAMS 0x0000000093900000, 0x0000000093900000| Complete 
| 278|0x0000000093a00000, 0x0000000093b00000, 0x0000000093b00000|100%| E|CS|TAMS 0x0000000093a00000, 0x0000000093a00000| Complete 
| 279|0x0000000093b00000, 0x0000000093c00000, 0x0000000093c00000|100%| E|CS|TAMS 0x0000000093b00000, 0x0000000093b00000| Complete 
| 280|0x0000000093c00000, 0x0000000093d00000, 0x0000000093d00000|100%| E|CS|TAMS 0x0000000093c00000, 0x0000000093c00000| Complete 
| 281|0x0000000093d00000, 0x0000000093e00000, 0x0000000093e00000|100%| E|CS|TAMS 0x0000000093d00000, 0x0000000093d00000| Complete 
| 282|0x0000000093e00000, 0x0000000093f00000, 0x0000000093f00000|100%| E|CS|TAMS 0x0000000093e00000, 0x0000000093e00000| Complete 
| 283|0x0000000093f00000, 0x0000000094000000, 0x0000000094000000|100%| E|CS|TAMS 0x0000000093f00000, 0x0000000093f00000| Complete 
| 284|0x0000000094000000, 0x0000000094100000, 0x0000000094100000|100%| E|CS|TAMS 0x0000000094000000, 0x0000000094000000| Complete 
| 285|0x0000000094100000, 0x0000000094200000, 0x0000000094200000|100%| E|CS|TAMS 0x0000000094100000, 0x0000000094100000| Complete 
| 286|0x0000000094200000, 0x0000000094300000, 0x0000000094300000|100%| E|CS|TAMS 0x0000000094200000, 0x0000000094200000| Complete 
| 287|0x0000000094300000, 0x0000000094400000, 0x0000000094400000|100%| E|CS|TAMS 0x0000000094300000, 0x0000000094300000| Complete 
| 288|0x0000000094400000, 0x0000000094500000, 0x0000000094500000|100%| E|CS|TAMS 0x0000000094400000, 0x0000000094400000| Complete 
| 289|0x0000000094500000, 0x0000000094600000, 0x0000000094600000|100%| E|CS|TAMS 0x0000000094500000, 0x0000000094500000| Complete 
| 290|0x0000000094600000, 0x0000000094700000, 0x0000000094700000|100%| E|CS|TAMS 0x0000000094600000, 0x0000000094600000| Complete 
| 291|0x0000000094700000, 0x0000000094800000, 0x0000000094800000|100%| E|CS|TAMS 0x0000000094700000, 0x0000000094700000| Complete 
| 292|0x0000000094800000, 0x0000000094900000, 0x0000000094900000|100%| E|CS|TAMS 0x0000000094800000, 0x0000000094800000| Complete 
| 293|0x0000000094900000, 0x0000000094a00000, 0x0000000094a00000|100%| E|CS|TAMS 0x0000000094900000, 0x0000000094900000| Complete 
| 294|0x0000000094a00000, 0x0000000094b00000, 0x0000000094b00000|100%| E|CS|TAMS 0x0000000094a00000, 0x0000000094a00000| Complete 
| 295|0x0000000094b00000, 0x0000000094c00000, 0x0000000094c00000|100%| E|CS|TAMS 0x0000000094b00000, 0x0000000094b00000| Complete 
| 296|0x0000000094c00000, 0x0000000094d00000, 0x0000000094d00000|100%| E|CS|TAMS 0x0000000094c00000, 0x0000000094c00000| Complete 
| 297|0x0000000094d00000, 0x0000000094e00000, 0x0000000094e00000|100%| E|CS|TAMS 0x0000000094d00000, 0x0000000094d00000| Complete 
| 298|0x0000000094e00000, 0x0000000094f00000, 0x0000000094f00000|100%| E|CS|TAMS 0x0000000094e00000, 0x0000000094e00000| Complete 

Card table byte_map: [0x0000012ef0cf0000,0x0000012ef10e0000] _byte_map_base: 0x0000012ef08de000

Marking Bits (Prev, Next): (CMBitMap*) 0x0000012ed9190148, (CMBitMap*) 0x0000012ed9190188
 Prev Bits: [0x0000012ef14d0000, 0x0000012ef3440000)
 Next Bits: [0x0000012ef3440000, 0x0000012ef53b0000)

Polling page: 0x0000012ed7130000

Metaspace:

Usage:
  Non-class:     11.27 MB capacity,    11.12 MB ( 99%) used,   121.51 KB (  1%) free+waste,    29.06 KB ( <1%) overhead. 
      Class:      1.37 MB capacity,     1.21 MB ( 89%) used,   138.92 KB ( 10%) free+waste,    16.44 KB (  1%) overhead. 
       Both:     12.64 MB capacity,    12.34 MB ( 98%) used,   260.43 KB (  2%) free+waste,    45.50 KB ( <1%) overhead. 

Virtual space:
  Non-class space:       12.00 MB reserved,      11.50 MB ( 96%) committed 
      Class space:        1.00 GB reserved,       1.38 MB ( <1%) committed 
             Both:        1.01 GB reserved,      12.88 MB (  1%) committed 

Chunk freelists:
   Non-Class:  43.00 KB
       Class:  9.00 KB
        Both:  52.00 KB

MaxMetaspaceSize: 17179869184.00 GB
CompressedClassSpaceSize: 1.00 GB

CodeHeap 'non-profiled nmethods': size=120000Kb used=3294Kb max_used=3294Kb free=116705Kb
 bounds [0x0000012ee93d0000, 0x0000012ee9710000, 0x0000012ef0900000]
CodeHeap 'profiled nmethods': size=120000Kb used=4754Kb max_used=6268Kb free=115245Kb
 bounds [0x0000012ee1ea0000, 0x0000012ee24c0000, 0x0000012ee93d0000]
CodeHeap 'non-nmethods': size=5760Kb used=1392Kb max_used=1449Kb free=4367Kb
 bounds [0x0000012ee1900000, 0x0000012ee1b70000, 0x0000012ee1ea0000]
 total_blobs=2995 nmethods=2398 adapters=509
 compilation: enabled
              stopped_count=0, restarted_count=0
 full_count=0

Compilation events (20 events):
Event: 220.226 Thread 0x0000012ef7896800 3031       4       java.awt.EventQueue::dispatchEvent (80 bytes)
Event: 220.338 Thread 0x0000012ef7896800 nmethod 3031 0x0000012ee96f6010 code [0x0000012ee96f6880, 0x0000012ee96fa7d8]
Event: 220.338 Thread 0x0000012ef7896800 3032       4       java.awt.EventQueue::getAccessControlContextFrom (53 bytes)
Event: 220.339 Thread 0x0000012ef7896800 nmethod 3032 0x0000012ee9496d10 code [0x0000012ee9496ec0, 0x0000012ee9496fd8]
Event: 229.937 Thread 0x0000012ef78a9000 3033       3       java.awt.EventQueue::postEvent (13 bytes)
Event: 229.938 Thread 0x0000012ef78a9000 nmethod 3033 0x0000012ee1ea1d90 code [0x0000012ee1ea1f60, 0x0000012ee1ea22e8]
Event: 229.962 Thread 0x0000012ef78a9000 3034   !   3       sun.awt.PostEventQueue::flush (168 bytes)
Event: 229.963 Thread 0x0000012ef78a9000 nmethod 3034 0x0000012ee240ed90 code [0x0000012ee240f020, 0x0000012ee2410068]
Event: 230.194 Thread 0x0000012ef7896800 3035       4       java.awt.EventDispatchThread$HierarchyEventFilter::acceptEvent (225 bytes)
Event: 230.195 Thread 0x0000012ef7896800 nmethod 3035 0x0000012ee964bb90 code [0x0000012ee964bd20, 0x0000012ee964bdd8]
Event: 230.202 Thread 0x0000012ef7896800 3036   !   4       java.awt.EventQueue::wakeup (79 bytes)
Event: 230.216 Thread 0x0000012ef7896800 nmethod 3036 0x0000012ee96fcf90 code [0x0000012ee96fd300, 0x0000012ee96fe2f8]
Event: 231.442 Thread 0x0000012ef7896800 3037       4       java.awt.EventQueue::dispatchEventImpl (136 bytes)
Event: 231.453 Thread 0x0000012ef7896800 nmethod 3037 0x0000012ee96fe990 code [0x0000012ee96fed40, 0x0000012ee96ffd70]
Event: 236.047 Thread 0x0000012ef78a9000 3038       3       main.Game::keyReleased (315 bytes)
Event: 236.048 Thread 0x0000012ef78a9000 nmethod 3038 0x0000012ee240db90 code [0x0000012ee240de20, 0x0000012ee240ea38]
Event: 274.954 Thread 0x0000012ef78a9000 3039       3       org.eclipse.jdt.launching.internal.org.objectweb.asm.ClassReader::getFirstAttributeOffset (136 bytes)
Event: 274.955 Thread 0x0000012ef78a9000 nmethod 3039 0x0000012ee1ea0010 code [0x0000012ee1ea0240, 0x0000012ee1ea0b38]
Event: 279.746 Thread 0x0000012ef7896800 3040       4       main.Game::tick (1408 bytes)
Event: 279.940 Thread 0x0000012ef7896800 nmethod 3040 0x0000012ee9700610 code [0x0000012ee9701520, 0x0000012ee9707260]

GC Heap History (20 events):
Event: 210.374 GC heap before
{Heap before GC invocations=119 (full 0):
 garbage-first heap   total 306176K, used 272816K [0x0000000082400000, 0x0000000100000000)
  region size 1024K, 139 young (142336K), 1 survivors (1024K)
 Metaspace       used 12542K, capacity 12876K, committed 12928K, reserved 1060864K
  class space    used 1241K, capacity 1399K, committed 1408K, reserved 1048576K
}
Event: 210.375 GC heap after
{Heap after GC invocations=120 (full 0):
 garbage-first heap   total 306176K, used 131506K [0x0000000082400000, 0x0000000100000000)
  region size 1024K, 1 young (1024K), 1 survivors (1024K)
 Metaspace       used 12542K, capacity 12876K, committed 12928K, reserved 1060864K
  class space    used 1241K, capacity 1399K, committed 1408K, reserved 1048576K
}
Event: 212.108 GC heap before
{Heap before GC invocations=120 (full 0):
 garbage-first heap   total 306176K, used 272818K [0x0000000082400000, 0x0000000100000000)
  region size 1024K, 139 young (142336K), 1 survivors (1024K)
 Metaspace       used 12542K, capacity 12876K, committed 12928K, reserved 1060864K
  class space    used 1241K, capacity 1399K, committed 1408K, reserved 1048576K
}
Event: 212.109 GC heap after
{Heap after GC invocations=121 (full 0):
 garbage-first heap   total 306176K, used 131506K [0x0000000082400000, 0x0000000100000000)
  region size 1024K, 1 young (1024K), 1 survivors (1024K)
 Metaspace       used 12542K, capacity 12876K, committed 12928K, reserved 1060864K
  class space    used 1241K, capacity 1399K, committed 1408K, reserved 1048576K
}
Event: 213.858 GC heap before
{Heap before GC invocations=121 (full 0):
 garbage-first heap   total 306176K, used 272818K [0x0000000082400000, 0x0000000100000000)
  region size 1024K, 139 young (142336K), 1 survivors (1024K)
 Metaspace       used 12542K, capacity 12876K, committed 12928K, reserved 1060864K
  class space    used 1241K, capacity 1399K, committed 1408K, reserved 1048576K
}
Event: 213.859 GC heap after
{Heap after GC invocations=122 (full 0):
 garbage-first heap   total 306176K, used 131510K [0x0000000082400000, 0x0000000100000000)
  region size 1024K, 1 young (1024K), 1 survivors (1024K)
 Metaspace       used 12542K, capacity 12876K, committed 12928K, reserved 1060864K
  class space    used 1241K, capacity 1399K, committed 1408K, reserved 1048576K
}
Event: 215.607 GC heap before
{Heap before GC invocations=122 (full 0):
 garbage-first heap   total 306176K, used 272822K [0x0000000082400000, 0x0000000100000000)
  region size 1024K, 139 young (142336K), 1 survivors (1024K)
 Metaspace       used 12542K, capacity 12876K, committed 12928K, reserved 1060864K
  class space    used 1241K, capacity 1399K, committed 1408K, reserved 1048576K
}
Event: 215.609 GC heap after
{Heap after GC invocations=123 (full 0):
 garbage-first heap   total 306176K, used 131510K [0x0000000082400000, 0x0000000100000000)
  region size 1024K, 1 young (1024K), 1 survivors (1024K)
 Metaspace       used 12542K, capacity 12876K, committed 12928K, reserved 1060864K
  class space    used 1241K, capacity 1399K, committed 1408K, reserved 1048576K
}
Event: 217.342 GC heap before
{Heap before GC invocations=123 (full 0):
 garbage-first heap   total 306176K, used 272822K [0x0000000082400000, 0x0000000100000000)
  region size 1024K, 139 young (142336K), 1 survivors (1024K)
 Metaspace       used 12542K, capacity 12876K, committed 12928K, reserved 1060864K
  class space    used 1241K, capacity 1399K, committed 1408K, reserved 1048576K
}
Event: 217.343 GC heap after
{Heap after GC invocations=124 (full 0):
 garbage-first heap   total 306176K, used 131508K [0x0000000082400000, 0x0000000100000000)
  region size 1024K, 1 young (1024K), 1 survivors (1024K)
 Metaspace       used 12542K, capacity 12876K, committed 12928K, reserved 1060864K
  class space    used 1241K, capacity 1399K, committed 1408K, reserved 1048576K
}
Event: 219.091 GC heap before
{Heap before GC invocations=124 (full 0):
 garbage-first heap   total 306176K, used 272820K [0x0000000082400000, 0x0000000100000000)
  region size 1024K, 139 young (142336K), 1 survivors (1024K)
 Metaspace       used 12542K, capacity 12876K, committed 12928K, reserved 1060864K
  class space    used 1241K, capacity 1399K, committed 1408K, reserved 1048576K
}
Event: 219.092 GC heap after
{Heap after GC invocations=125 (full 0):
 garbage-first heap   total 306176K, used 131510K [0x0000000082400000, 0x0000000100000000)
  region size 1024K, 1 young (1024K), 1 survivors (1024K)
 Metaspace       used 12542K, capacity 12876K, committed 12928K, reserved 1060864K
  class space    used 1241K, capacity 1399K, committed 1408K, reserved 1048576K
}
Event: 220.829 GC heap before
{Heap before GC invocations=125 (full 0):
 garbage-first heap   total 306176K, used 272822K [0x0000000082400000, 0x0000000100000000)
  region size 1024K, 139 young (142336K), 1 survivors (1024K)
 Metaspace       used 12542K, capacity 12876K, committed 12928K, reserved 1060864K
  class space    used 1241K, capacity 1399K, committed 1408K, reserved 1048576K
}
Event: 220.830 GC heap after
{Heap after GC invocations=126 (full 0):
 garbage-first heap   total 306176K, used 131509K [0x0000000082400000, 0x0000000100000000)
  region size 1024K, 1 young (1024K), 1 survivors (1024K)
 Metaspace       used 12542K, capacity 12876K, committed 12928K, reserved 1060864K
  class space    used 1241K, capacity 1399K, committed 1408K, reserved 1048576K
}
Event: 222.575 GC heap before
{Heap before GC invocations=126 (full 0):
 garbage-first heap   total 306176K, used 272821K [0x0000000082400000, 0x0000000100000000)
  region size 1024K, 139 young (142336K), 1 survivors (1024K)
 Metaspace       used 12542K, capacity 12876K, committed 12928K, reserved 1060864K
  class space    used 1241K, capacity 1399K, committed 1408K, reserved 1048576K
}
Event: 222.576 GC heap after
{Heap after GC invocations=127 (full 0):
 garbage-first heap   total 306176K, used 131510K [0x0000000082400000, 0x0000000100000000)
  region size 1024K, 1 young (1024K), 1 survivors (1024K)
 Metaspace       used 12542K, capacity 12876K, committed 12928K, reserved 1060864K
  class space    used 1241K, capacity 1399K, committed 1408K, reserved 1048576K
}
Event: 224.324 GC heap before
{Heap before GC invocations=127 (full 0):
 garbage-first heap   total 306176K, used 272822K [0x0000000082400000, 0x0000000100000000)
  region size 1024K, 139 young (142336K), 1 survivors (1024K)
 Metaspace       used 12542K, capacity 12876K, committed 12928K, reserved 1060864K
  class space    used 1241K, capacity 1399K, committed 1408K, reserved 1048576K
}
Event: 224.325 GC heap after
{Heap after GC invocations=128 (full 0):
 garbage-first heap   total 306176K, used 131512K [0x0000000082400000, 0x0000000100000000)
  region size 1024K, 1 young (1024K), 1 survivors (1024K)
 Metaspace       used 12542K, capacity 12876K, committed 12928K, reserved 1060864K
  class space    used 1241K, capacity 1399K, committed 1408K, reserved 1048576K
}
Event: 226.058 GC heap before
{Heap before GC invocations=128 (full 0):
 garbage-first heap   total 306176K, used 272824K [0x0000000082400000, 0x0000000100000000)
  region size 1024K, 139 young (142336K), 1 survivors (1024K)
 Metaspace       used 12542K, capacity 12876K, committed 12928K, reserved 1060864K
  class space    used 1241K, capacity 1399K, committed 1408K, reserved 1048576K
}
Event: 226.059 GC heap after
{Heap after GC invocations=129 (full 0):
 garbage-first heap   total 306176K, used 131517K [0x0000000082400000, 0x0000000100000000)
  region size 1024K, 1 young (1024K), 1 survivors (1024K)
 Metaspace       used 12542K, capacity 12876K, committed 12928K, reserved 1060864K
  class space    used 1241K, capacity 1399K, committed 1408K, reserved 1048576K
}

Deoptimization events (20 events):
Event: 200.056 Thread 0x0000012ef8ab3000 Uncommon trap: trap_request=0xffffffde fr.pc=0x0000012ee96658c4 relative=0x0000000000008c44
Event: 200.056 Thread 0x0000012ef8ab3000 Uncommon trap: reason=class_check action=maybe_recompile pc=0x0000012ee96658c4 method=java.awt.EventQueue.coalesceEvent(Ljava/awt/AWTEvent;I)Z @ 32 c2
Event: 200.056 Thread 0x0000012ef8ab3000 DEOPT PACKING pc=0x0000012ee96658c4 sp=0x000000015d7ff000
Event: 200.057 Thread 0x0000012ef8ab3000 DEOPT UNPACKING pc=0x0000012ee194912f sp=0x000000015d7feeb8 mode 2
Event: 205.274 Thread 0x0000012ef8e6a000 DEOPT PACKING pc=0x0000012ee1edb47e sp=0x000000015daff330
Event: 205.274 Thread 0x0000012ef8e6a000 DEOPT UNPACKING pc=0x0000012ee194964e sp=0x000000015dafe820 mode 0
Event: 210.892 Thread 0x0000012efb11c800 DEOPT PACKING pc=0x0000012ee224cca5 sp=0x000000015eaff320
Event: 210.892 Thread 0x0000012efb11c800 DEOPT UNPACKING pc=0x0000012ee194964e sp=0x000000015eafe810 mode 0
Event: 229.834 Thread 0x0000012ef8ab3000 Uncommon trap: trap_request=0xffffff45 fr.pc=0x0000012ee96de968 relative=0x0000000000000fe8
Event: 229.834 Thread 0x0000012ef8ab3000 Uncommon trap: reason=unstable_if action=reinterpret pc=0x0000012ee96de968 method=java.awt.EventQueue.postEvent(Ljava/awt/AWTEvent;I)V @ 6 c2
Event: 229.834 Thread 0x0000012ef8ab3000 DEOPT PACKING pc=0x0000012ee96de968 sp=0x000000015d7ff010
Event: 229.834 Thread 0x0000012ef8ab3000 DEOPT UNPACKING pc=0x0000012ee194912f sp=0x000000015d7fef28 mode 2
Event: 264.326 Thread 0x0000012ef8e6a000 DEOPT PACKING pc=0x0000012ee96ca33c sp=0x000000015daff3e0
Event: 264.326 Thread 0x0000012ef8e6a000 DEOPT UNPACKING pc=0x0000012ee194964e sp=0x000000015dafe8f0 mode 0
Event: 279.738 Thread 0x0000012ef8e6a000 DEOPT PACKING pc=0x0000012ee9634a1c sp=0x000000015daff490
Event: 279.738 Thread 0x0000012ef8e6a000 DEOPT UNPACKING pc=0x0000012ee194964e sp=0x000000015dafe978 mode 0
Event: 279.739 Thread 0x0000012ef8e6a000 DEOPT PACKING pc=0x0000012ee94a37c8 sp=0x000000015daff530
Event: 279.739 Thread 0x0000012ef8e6a000 DEOPT UNPACKING pc=0x0000012ee194964e sp=0x000000015dafe9b8 mode 0
Event: 292.577 Thread 0x0000012ef8e6a000 DEOPT PACKING pc=0x0000012ee9567518 sp=0x000000015daff470
Event: 292.577 Thread 0x0000012ef8e6a000 DEOPT UNPACKING pc=0x0000012ee194964e sp=0x000000015dafe940 mode 0

Classes unloaded (0 events):
No events

Classes redefined (5 events):
Event: 164.229 Thread 0x0000012ef786f000 redefined class name=util.CollisonPlayer, count=1
Event: 198.247 Thread 0x0000012ef786f000 redefined class name=util.CollisonPlayer, count=2
Event: 233.230 Thread 0x0000012ef786f000 redefined class name=util.CollisonPlayer, count=3
Event: 274.961 Thread 0x0000012ef786f000 redefined class name=entities.Player, count=1
Event: 305.833 Thread 0x0000012ef786f000 redefined class name=util.CollisonPlayer, count=4

Internal exceptions (20 events):
Event: 0.533 Thread 0x0000012ed914c000 Exception <a 'java/io/FileNotFoundException'{0x0000000089caa8a8}> (0x0000000089caa8a8) 
thrown [./open/src/hotspot/share/prims/jni.cpp, line 599]
Event: 0.549 Thread 0x0000012ed914c000 Exception <a 'java/io/FileNotFoundException'{0x0000000089cd2f78}> (0x0000000089cd2f78) 
thrown [./open/src/hotspot/share/prims/jni.cpp, line 599]
Event: 0.634 Thread 0x0000012ef859d000 Exception <a 'java/lang/NoSuchMethodError'{0x0000000089a05598}: 'void java.lang.invoke.DirectMethodHandle$Holder.invokeSpecial(java.lang.Object, java.lang.Object)'> (0x0000000089a05598) 
thrown [./open/src/hotspot/share/interpreter/linkResolver.cpp, line 766]
Event: 0.724 Thread 0x0000012ed914c000 Exception <a 'java/lang/NoSuchMethodError'{0x0000000089978198}: 'java.lang.Object java.lang.invoke.DirectMethodHandle$Holder.invokeStatic(java.lang.Object, int, java.lang.Object, java.lang.Object, java.lang.Object, java.lang.Object)'> (0x0000000089978198) 
thrown [./open/src/hotspot/share/interpreter/linkResolver.cpp, line 766]
Event: 0.727 Thread 0x0000012ed914c000 Exception <a 'java/lang/NoSuchMethodError'{0x000000008997eab8}: 'java.lang.Object java.lang.invoke.DirectMethodHandle$Holder.invokeStatic(java.lang.Object, int, java.lang.Object, java.lang.Object, java.lang.Object)'> (0x000000008997eab8) 
thrown [./open/src/hotspot/share/interpreter/linkResolver.cpp, line 766]
Event: 0.728 Thread 0x0000012ed914c000 Exception <a 'java/lang/NoSuchMethodError'{0x0000000089982308}: 'java.lang.Object java.lang.invoke.DirectMethodHandle$Holder.invokeSpecial(java.lang.Object, java.lang.Object, int, java.lang.Object, java.lang.Object, java.lang.Object)'> (0x0000000089982308) 
thrown [./open/src/hotspot/share/interpreter/linkResolver.cpp, line 766]
Event: 0.735 Thread 0x0000012ed914c000 Exception <a 'java/lang/NoSuchMethodError'{0x0000000089998ea0}: 'java.lang.Object java.lang.invoke.DirectMethodHandle$Holder.invokeStatic(java.lang.Object, int, java.lang.Object)'> (0x0000000089998ea0) 
thrown [./open/src/hotspot/share/interpreter/linkResolver.cpp, line 766]
Event: 0.787 Thread 0x0000012ed914c000 Exception <a 'java/lang/ClassNotFoundException'{0x000000008984c4a8}: com/sun/swing/internal/plaf/metal/resources/spi/metalProvider> (0x000000008984c4a8) 
thrown [./open/src/hotspot/share/classfile/systemDictionary.cpp, line 226]
Event: 0.788 Thread 0x0000012ed914c000 Exception <a 'java/lang/ClassNotFoundException'{0x00000000898533c0}: com/sun/swing/internal/plaf/basic/resources/spi/basicProvider> (0x00000000898533c0) 
thrown [./open/src/hotspot/share/classfile/systemDictionary.cpp, line 226]
Event: 0.988 Thread 0x0000012ed914c000 Exception <a 'java/lang/NoSuchMethodError'{0x00000000895da240}: 'java.lang.Object java.lang.invoke.DirectMethodHandle$Holder.invokeStaticInit(java.lang.Object, int, int, int, int)'> (0x00000000895da240) 
thrown [./open/src/hotspot/share/interpreter/linkResolver.cpp, line 766]
Event: 1.120 Thread 0x0000012ed914c000 Exception <a 'java/lang/NoSuchMethodError'{0x000000008a079fa0}: 'java.lang.Object java.lang.invoke.DirectMethodHandle$Holder.invokeStaticInit(java.lang.Object, java.lang.Object, int, int, int, int)'> (0x000000008a079fa0) 
thrown [./open/src/hotspot/share/interpreter/linkResolver.cpp, line 766]
Event: 1.163 Thread 0x0000012ed914c000 Exception <a 'java/lang/NoSuchMethodError'{0x000000008a0f3500}: 'void java.lang.invoke.DirectMethodHandle$Holder.invokeStaticInit(java.lang.Object)'> (0x000000008a0f3500) 
thrown [./open/src/hotspot/share/interpreter/linkResolver.cpp, line 766]
Event: 1.220 Thread 0x0000012ed914c000 Exception <a 'java/lang/NoSuchMethodError'{0x0000000089fbd650}: 'java.lang.Object java.lang.invoke.Invokers$Holder.linkToTargetMethod(java.lang.Object, int, java.lang.Object)'> (0x0000000089fbd650) 
thrown [./open/src/hotspot/share/interpreter/linkResolver.cpp, line 766]
Event: 1.339 Thread 0x0000012ed914c000 Implicit null exception at 0x0000012ee94281a3 to 0x0000012ee9428834
Event: 1.679 Thread 0x0000012ed914c000 Implicit null exception at 0x0000012ee94276d4 to 0x0000012ee9427b4c
Event: 3.178 Thread 0x0000012ef8e6a000 Implicit null exception at 0x0000012ee94648df to 0x0000012ee9464de4
Event: 3.179 Thread 0x0000012ef8e6a000 Implicit null exception at 0x0000012ee94768be to 0x0000012ee9476db0
Event: 3.932 Thread 0x0000012ef8e6a000 Implicit null exception at 0x0000012ee9472a4b to 0x0000012ee9473948
Event: 3.932 Thread 0x0000012ef8e6a000 Implicit null exception at 0x0000012ee9467872 to 0x0000012ee9467cb8
Event: 305.939 Thread 0x0000012ef83c8000 Exception <a 'java/lang/LinkageError'{0x000000008ef881d8}> (0x000000008ef881d8) 
thrown [./open/src/hotspot/share/oops/generateOopMap.cpp, line 2140]

Events (20 events):
Event: 305.862 Executing VM operation: GetFrameCount
Event: 305.863 Executing VM operation: GetFrameCount done
Event: 305.863 Executing VM operation: GetStackTrace
Event: 305.864 Executing VM operation: GetStackTrace done
Event: 305.870 Executing VM operation: GetFrameCount
Event: 305.871 Executing VM operation: GetFrameCount done
Event: 305.871 Executing VM operation: GetOwnedMonitorInfo
Event: 305.871 Executing VM operation: GetOwnedMonitorInfo done
Event: 305.871 Executing VM operation: GetCurrentContendedMonitor
Event: 305.871 Executing VM operation: GetCurrentContendedMonitor done
Event: 305.871 Executing VM operation: GetOwnedMonitorInfo
Event: 305.871 Executing VM operation: GetOwnedMonitorInfo done
Event: 305.872 Executing VM operation: GetCurrentContendedMonitor
Event: 305.872 Executing VM operation: GetCurrentContendedMonitor done
Event: 305.875 Executing VM operation: GetCurrentContendedMonitor
Event: 305.875 Executing VM operation: GetCurrentContendedMonitor done
Event: 305.875 Executing VM operation: GetOwnedMonitorInfo
Event: 305.875 Executing VM operation: GetOwnedMonitorInfo done
Event: 305.936 Executing VM operation: GetFrameLocation
Event: 305.938 Executing VM operation: GetFrameLocation done


Dynamic libraries:
0x00007ff633e50000 - 0x00007ff633e5f000 	C:\Program Files\Java\jdk-14.0.2\bin\javaw.exe
0x00007ffdc5e70000 - 0x00007ffdc6065000 	C:\WINDOWS\SYSTEM32\ntdll.dll
0x00007ffdc5360000 - 0x00007ffdc541e000 	C:\WINDOWS\System32\KERNEL32.DLL
0x00007ffdc37e0000 - 0x00007ffdc3aa9000 	C:\WINDOWS\System32\KERNELBASE.dll
0x00007ffdc3c00000 - 0x00007ffdc3d00000 	C:\WINDOWS\System32\ucrtbase.dll
0x00007ffdb4c30000 - 0x00007ffdb4c45000 	C:\Program Files\Java\jdk-14.0.2\bin\VCRUNTIME140.dll
0x00007ffda7400000 - 0x00007ffda7418000 	C:\Program Files\Java\jdk-14.0.2\bin\jli.dll
0x00007ffdc4980000 - 0x00007ffdc4a2c000 	C:\WINDOWS\System32\ADVAPI32.dll
0x00007ffdc5d90000 - 0x00007ffdc5e2e000 	C:\WINDOWS\System32\msvcrt.dll
0x00007ffdc5c90000 - 0x00007ffdc5d2b000 	C:\WINDOWS\System32\sechost.dll
0x00007ffdc5a70000 - 0x00007ffdc5b9a000 	C:\WINDOWS\System32\RPCRT4.dll
0x00007ffdc47c0000 - 0x00007ffdc4961000 	C:\WINDOWS\System32\USER32.dll
0x00007ffda61c0000 - 0x00007ffda645a000 	C:\WINDOWS\WinSxS\amd64_microsoft.windows.common-controls_6595b64144ccf1df_6.0.19041.1110_none_60b5254171f9507e\COMCTL32.dll
0x00007ffdc5900000 - 0x00007ffdc592b000 	C:\WINDOWS\System32\GDI32.dll
0x00007ffdc3e60000 - 0x00007ffdc3e82000 	C:\WINDOWS\System32\win32u.dll
0x00007ffdc35f0000 - 0x00007ffdc36fb000 	C:\WINDOWS\System32\gdi32full.dll
0x00007ffdc3ab0000 - 0x00007ffdc3b4d000 	C:\WINDOWS\System32\msvcp_win.dll
0x00007ffdbd480000 - 0x00007ffdbd48a000 	C:\WINDOWS\SYSTEM32\VERSION.dll
0x00007ffdc5a40000 - 0x00007ffdc5a70000 	C:\WINDOWS\System32\IMM32.DLL
0x00007ffd8dbb0000 - 0x00007ffd8dc4b000 	C:\Program Files\Java\jdk-14.0.2\bin\msvcp140.dll
0x00007ffd6da40000 - 0x00007ffd6e55e000 	C:\Program Files\Java\jdk-14.0.2\bin\server\jvm.dll
0x00007ffdc3ec0000 - 0x00007ffdc3ec8000 	C:\WINDOWS\System32\PSAPI.DLL
0x00007ffdafe60000 - 0x00007ffdafe87000 	C:\WINDOWS\SYSTEM32\WINMM.dll
0x00007ffdbf140000 - 0x00007ffdbf149000 	C:\WINDOWS\SYSTEM32\WSOCK32.dll
0x00007ffdc5270000 - 0x00007ffdc52db000 	C:\WINDOWS\System32\WS2_32.dll
0x00007ffdc14e0000 - 0x00007ffdc14f2000 	C:\WINDOWS\SYSTEM32\kernel.appcore.dll
0x00007ffdbd250000 - 0x00007ffdbd25a000 	C:\Program Files\Java\jdk-14.0.2\bin\jimage.dll
0x00007ffdabf70000 - 0x00007ffdac154000 	C:\WINDOWS\SYSTEM32\DBGHELP.DLL
0x00007ffdac7e0000 - 0x00007ffdac80c000 	C:\WINDOWS\SYSTEM32\dbgcore.DLL
0x00007ffdc3700000 - 0x00007ffdc3783000 	C:\WINDOWS\System32\bcryptPrimitives.dll
0x00007ffda45a0000 - 0x00007ffda45d8000 	C:\Program Files\Java\jdk-14.0.2\bin\jdwp.dll
0x00007ffdb3f30000 - 0x00007ffdb3f55000 	C:\Program Files\Java\jdk-14.0.2\bin\java.dll
0x00007ffdbf0e0000 - 0x00007ffdbf0ee000 	C:\Program Files\Java\jdk-14.0.2\bin\instrument.dll
0x00007ffdb4cd0000 - 0x00007ffdb4ce6000 	C:\Program Files\Java\jdk-14.0.2\bin\zip.dll
0x00007ffdc3ed0000 - 0x00007ffdc460f000 	C:\WINDOWS\System32\SHELL32.dll
0x00007ffdc1650000 - 0x00007ffdc1de0000 	C:\WINDOWS\SYSTEM32\windows.storage.dll
0x00007ffdc54d0000 - 0x00007ffdc5825000 	C:\WINDOWS\System32\combase.dll
0x00007ffdc2eb0000 - 0x00007ffdc2edc000 	C:\WINDOWS\SYSTEM32\Wldp.dll
0x00007ffdc5420000 - 0x00007ffdc54ce000 	C:\WINDOWS\System32\SHCORE.dll
0x00007ffdc5930000 - 0x00007ffdc5985000 	C:\WINDOWS\System32\shlwapi.dll
0x00007ffdc34d0000 - 0x00007ffdc34ef000 	C:\WINDOWS\SYSTEM32\profapi.dll
0x00007ffdb4040000 - 0x00007ffdb404b000 	C:\Program Files\Java\jdk-14.0.2\bin\dt_socket.dll
0x00007ffdc2920000 - 0x00007ffdc295b000 	C:\WINDOWS\SYSTEM32\IPHLPAPI.DLL
0x00007ffdc2c10000 - 0x00007ffdc2c7a000 	C:\WINDOWS\system32\mswsock.dll
0x00007ffdc2960000 - 0x00007ffdc2a2c000 	C:\WINDOWS\SYSTEM32\DNSAPI.dll
0x00007ffdc4970000 - 0x00007ffdc4978000 	C:\WINDOWS\System32\NSI.dll
0x00007ffdb53f0000 - 0x00007ffdb53fa000 	C:\Windows\System32\rasadhlp.dll
0x00007ffdb6a00000 - 0x00007ffdb6a7f000 	C:\WINDOWS\System32\fwpuclnt.dll
0x00007ffdc3e90000 - 0x00007ffdc3eb7000 	C:\WINDOWS\System32\bcrypt.dll
0x00007ffdb4c50000 - 0x00007ffdb4c69000 	C:\Program Files\Java\jdk-14.0.2\bin\net.dll
0x00007ffdb68f0000 - 0x00007ffdb69f8000 	C:\WINDOWS\SYSTEM32\WINHTTP.dll
0x00007ffdb4bb0000 - 0x00007ffdb4bc2000 	C:\Program Files\Java\jdk-14.0.2\bin\nio.dll
0x00007ffdb4d90000 - 0x00007ffdb4da0000 	C:\Program Files\Java\jdk-14.0.2\bin\verify.dll
0x00007ffd89b80000 - 0x00007ffd89d19000 	C:\Program Files\Java\jdk-14.0.2\bin\awt.dll
0x00007ffdc5830000 - 0x00007ffdc58fd000 	C:\WINDOWS\System32\OLEAUT32.dll
0x00007ffdc0b00000 - 0x00007ffdc0b90000 	C:\WINDOWS\SYSTEM32\apphelp.dll
0x00007ffdc0c30000 - 0x00007ffdc0cce000 	C:\WINDOWS\system32\uxtheme.dll
0x00007ffdc4a30000 - 0x00007ffdc4b45000 	C:\WINDOWS\System32\MSCTF.dll
0x00007ffdc4bb0000 - 0x00007ffdc4cda000 	C:\WINDOWS\System32\ole32.dll
0x00007ffdc0d10000 - 0x00007ffdc0d3f000 	C:\WINDOWS\system32\DWMAPI.DLL
0x00007ffda28b0000 - 0x00007ffda29d5000 	C:\WINDOWS\system32\opengl32.dll
0x00007ffdaa780000 - 0x00007ffdaa7ac000 	C:\WINDOWS\SYSTEM32\GLU32.dll
0x00007ffdc2f70000 - 0x00007ffdc2f88000 	C:\WINDOWS\SYSTEM32\CRYPTSP.dll
0x00007ffdc25b0000 - 0x00007ffdc25e4000 	C:\WINDOWS\system32\rsaenh.dll
0x00007ffdc3490000 - 0x00007ffdc34be000 	C:\WINDOWS\SYSTEM32\USERENV.dll
0x00007ffdc2e00000 - 0x00007ffdc2e0c000 	C:\WINDOWS\SYSTEM32\CRYPTBASE.dll
0x00007ffdbc040000 - 0x00007ffdbc057000 	C:\WINDOWS\SYSTEM32\dhcpcsvc6.DLL
0x00007ffdbc020000 - 0x00007ffdbc03d000 	C:\WINDOWS\SYSTEM32\dhcpcsvc.DLL
0x00007ffd8d960000 - 0x00007ffd8d9e2000 	C:\Program Files\Java\jdk-14.0.2\bin\freetype.dll
0x00007ffd8ade0000 - 0x00007ffd8ae86000 	C:\Program Files\Java\jdk-14.0.2\bin\fontmanager.dll
0x00007ffda58c0000 - 0x00007ffda59b9000 	C:\WINDOWS\SYSTEM32\textinputframework.dll
0x00007ffdc01a0000 - 0x00007ffdc04fe000 	C:\WINDOWS\System32\CoreUIComponents.dll
0x00007ffdc0880000 - 0x00007ffdc0972000 	C:\WINDOWS\System32\CoreMessaging.dll
0x00007ffdbf1c0000 - 0x00007ffdbf314000 	C:\WINDOWS\SYSTEM32\wintypes.dll
0x00007ffdc2240000 - 0x00007ffdc2273000 	C:\WINDOWS\SYSTEM32\ntmarta.dll
0x00007ffda7110000 - 0x00007ffda7121000 	C:\Program Files\Java\jdk-14.0.2\bin\jsound.dll
0x00007ffd8e380000 - 0x00007ffd8e41c000 	C:\WINDOWS\SYSTEM32\DSOUND.dll
0x00007ffd9a610000 - 0x00007ffd9a636000 	C:\WINDOWS\SYSTEM32\winmmbase.dll
0x00007ffdc2f20000 - 0x00007ffdc2f6b000 	C:\WINDOWS\SYSTEM32\powrprof.dll
0x00007ffdc2e90000 - 0x00007ffdc2ea2000 	C:\WINDOWS\SYSTEM32\UMPDC.dll
0x00007ffdc51c0000 - 0x00007ffdc5269000 	C:\WINDOWS\System32\clbcatq.dll
0x00007ffdbc900000 - 0x00007ffdbc985000 	C:\WINDOWS\System32\MMDevApi.dll
0x00007ffdc2fd0000 - 0x00007ffdc3004000 	C:\WINDOWS\System32\DEVOBJ.dll
0x00007ffdc3790000 - 0x00007ffdc37de000 	C:\WINDOWS\System32\cfgmgr32.dll
0x00007ffda71a0000 - 0x00007ffda71e6000 	C:\WINDOWS\SYSTEM32\wdmaud.drv
0x00007ffdbeae0000 - 0x00007ffdbeaea000 	C:\WINDOWS\SYSTEM32\AVRT.dll
0x00007ffdbf150000 - 0x00007ffdbf159000 	C:\WINDOWS\SYSTEM32\ksuser.dll
0x00007ffdbc060000 - 0x00007ffdbc1e1000 	C:\WINDOWS\SYSTEM32\AUDIOSES.DLL
0x00007ffdbf120000 - 0x00007ffdbf12d000 	C:\WINDOWS\SYSTEM32\msacm32.drv
0x00007ffdbf0c0000 - 0x00007ffdbf0de000 	C:\WINDOWS\SYSTEM32\MSACM32.dll
0x00007ffdbf0b0000 - 0x00007ffdbf0bb000 	C:\WINDOWS\SYSTEM32\midimap.dll
0x00007ffdc0e40000 - 0x00007ffdc0e54000 	C:\WINDOWS\SYSTEM32\resourcepolicyclient.dll
0x00007ffda4670000 - 0x00007ffda47b1000 	C:\Windows\System32\Windows.UI.dll
0x00007ffdbe4f0000 - 0x00007ffdbe591000 	C:\Windows\System32\WindowManagementAPI.dll
0x00007ffdbe2e0000 - 0x00007ffdbe4e1000 	C:\WINDOWS\SYSTEM32\twinapi.appcore.dll
0x00007ffda4430000 - 0x00007ffda4582000 	C:\Windows\System32\InputHost.dll
0x00007ffdbedc0000 - 0x00007ffdbeeb6000 	C:\Windows\System32\PROPSYS.dll

dbghelp: loaded successfully - version: 4.0.5 - missing functions: none
symbol engine: initialized successfully - sym options: 0x614 - pdb path: .;C:\Program Files\Java\jdk-14.0.2\bin;C:\WINDOWS\SYSTEM32;C:\WINDOWS\WinSxS\amd64_microsoft.windows.common-controls_6595b64144ccf1df_6.0.19041.1110_none_60b5254171f9507e;C:\Program Files\Java\jdk-14.0.2\bin\server

VM Arguments:
jvm_args: -XX:+ShowCodeDetailsInExceptionMessages -agentlib:jdwp=transport=dt_socket,suspend=y,address=localhost:61162 -javaagent:C:\Users\klait\eclipse\java-2020-06\eclipse\configuration\org.eclipse.osgi\547\0\.cp\lib\javaagent-shaded.jar -Dfile.encoding=Cp1252 
java_command: main.Game
java_class_path (initial): C:\Users\klait\eclipse-workspace\Game\bin
Launcher Type: SUN_STANDARD

[Global flags]
     intx CICompilerCount                          = 3                                         {product} {ergonomic}
     uint ConcGCThreads                            = 1                                         {product} {ergonomic}
     uint G1ConcRefinementThreads                  = 4                                         {product} {ergonomic}
   size_t G1HeapRegionSize                         = 1048576                                   {product} {ergonomic}
    uintx GCDrainStackTargetSize                   = 64                                        {product} {ergonomic}
   size_t InitialHeapSize                          = 132120576                                 {product} {ergonomic}
   size_t MarkStackSize                            = 4194304                                   {product} {ergonomic}
   size_t MaxHeapSize                              = 2109734912                                {product} {ergonomic}
   size_t MaxNewSize                               = 1265631232                                {product} {ergonomic}
   size_t MinHeapDeltaBytes                        = 1048576                                   {product} {ergonomic}
   size_t MinHeapSize                              = 8388608                                   {product} {ergonomic}
    uintx NonNMethodCodeHeapSize                   = 5832780                                {pd product} {ergonomic}
    uintx NonProfiledCodeHeapSize                  = 122912730                              {pd product} {ergonomic}
    uintx ProfiledCodeHeapSize                     = 122912730                              {pd product} {ergonomic}
    uintx ReservedCodeCacheSize                    = 251658240                              {pd product} {ergonomic}
     bool SegmentedCodeCache                       = true                                      {product} {ergonomic}
     bool ShowCodeDetailsInExceptionMessages       = true                                   {manageable} {command line}
   size_t SoftMaxHeapSize                          = 2109734912                             {manageable} {ergonomic}
     bool UseCompressedClassPointers               = true                                 {lp64_product} {ergonomic}
     bool UseCompressedOops                        = true                                 {lp64_product} {ergonomic}
     bool UseG1GC                                  = true                                      {product} {ergonomic}
     bool UseLargePagesIndividualAllocation        = false                                  {pd product} {ergonomic}

Logging:
Log output configuration:
 #0: stdout all=warning uptime,level,tags
 #1: stderr all=off uptime,level,tags

Environment Variables:
JAVA_HOME=C:\Program Files\Java\jre1.8.0_202
CLASSPATH=.,
PATH=C:/Program Files/Java/jdk-14.0.2/bin/server;C:/Program Files/Java/jdk-14.0.2/bin;C:\Program Files\Common Files\Oracle\Java\javapath;C:\Program Files (x86)\Common Files\Oracle\Java\javapath;C:\oraclexe\app\oracle\product\10.2.0\server\bin;C:\WINDOWS\system32;C:\WINDOWS;C:\WINDOWS\System32\Wbem;C:\WINDOWS\System32\WindowsPowerShell\v1.0\;C:\WINDOWS\System32\OpenSSH\;C:\Program Files\Git\cmd;C:\Program Files\Microsoft SQL Server\Client SDK\ODBC\170\Tools\Binn\;C:\Program Files (x86)\Microsoft SQL Server\150\Tools\Binn\;C:\Program Files\Microsoft SQL Server\150\Tools\Binn\;C:\Program Files\Microsoft SQL Server\150\DTS\Binn\;C:\Program Files (x86)\Microsoft SQL Server\150\DTS\Binn\;C:\Program Files\Azure Data Studio\bin;C:\Program Files\Java\jdk-11.0.11\bin;C:\Users\klait\apache-maven-3.8.1\bin;C:\Users\klait\mysql-8.0.24-winx64\bin;C:\Program Files\TortoiseSVN\bin;C:\Program Files\VisualSVN Server\bin;C:\Program Files\dotnet\;C:\Program Files\Docker\Docker\resources\bin;C:\ProgramData\DockerDesktop\version-bin;C:\Users\klait\AppData\Local\Programs\Microsoft VS Code\bin;C:\Program Files\Azure Data Studio\bin;C:\Users\klait\apache-maven-3.8.1\bin;C:\Users\klait\mysql-8.0.24-winx64\bin;C:\Program Files\Java\jre1.8.0_202\bin;C:\Users\klait\.dotnet\tools;;C:\Users\klait\OneDrive\rea de Trabalho;
USERNAME=klait
OS=Windows_NT
PROCESSOR_IDENTIFIER=Intel64 Family 6 Model 142 Stepping 9, GenuineIntel



---------------  S Y S T E M  ---------------

OS: Windows 10 , 64 bit Build 19041 (10.0.19041.1202)
OS uptime: 2 days 15:45 hours
HyperV virtualization detected

CPU:total 4 (initial active 4) (2 cores per cpu, 2 threads per core) family 6 model 142 stepping 9, cmov, cx8, fxsr, mmx, sse, sse2, sse3, ssse3, sse4.1, sse4.2, popcnt, avx, avx2, aes, clmul, erms, 3dnowpref, lzcnt, ht, tsc, tscinvbit, bmi1, bmi2, adx, fma

Memory: 4k page, system-wide physical 8044M (2567M free)
TotalPageFile size 15980M (AvailPageFile size 8092M)
current process WorkingSet (physical memory assigned to process): 390M, peak: 420M
current process commit charge ("private bytes"): 418M, peak: 449M

vm_info: Java HotSpot(TM) 64-Bit Server VM (14.0.2+12-46) for windows-amd64 JRE (14.0.2+12-46), built on Jul  9 2020 00:35:52 by "mach5one" with MS VC++ 15.9 (VS2017)

END.
